Log file open, 03/25/18 20:48:19
LogWindows: Failed to load 'aqProf.dll' (GetLastError=126)
LogWindows: File 'aqProf.dll' does not exist
LogWindows: Failed to load 'VSPerf140.dll' (GetLastError=126)
LogWindows: File 'VSPerf140.dll' does not exist
LogWindows: Failed to load 'VtuneApi.dll' (GetLastError=126)
LogWindows: File 'VtuneApi.dll' does not exist
LogWindows: Failed to load 'VtuneApi32e.dll' (GetLastError=126)
LogWindows: File 'VtuneApi32e.dll' does not exist
LogInit: Display: Running engine for game: CharacterInteraction
LogPlatformFile: Not using cached read wrapper
LogInit: Display: RandInit(-53983815) SRandInit(-53983815).
LogInit: Read version file with build ID '3709383'
LogInit: Overriding engine version to CL 3832480, compatible CL 3709383
LogInit: Registered custom module enumerator with build ID '3709383'
LogTaskGraph: Started task graph with 5 named threads and 14 total threads with 3 sets of task threads.
LogStats: Stats thread started at 0.211775
LogD3D11RHI: Aftermath initialized
LogModuleManager: Display: Found up-to-date module file ../../../Engine/Plugins/2D/Paper2D/Binaries/Win64/UE4Editor-Paper2D.dll (API version 3709383).
LogModuleManager: Display: Found up-to-date module file ../../../Engine/Plugins/2D/Paper2D/Binaries/Win64/UE4Editor-Paper2DEditor.dll (API version 3709383).
LogModuleManager: Display: Found up-to-date module file ../../../Engine/Plugins/2D/Paper2D/Binaries/Win64/UE4Editor-PaperSpriteSheetImporter.dll (API version 3709383).
LogModuleManager: Display: Found up-to-date module file ../../../Engine/Plugins/2D/Paper2D/Binaries/Win64/UE4Editor-PaperTiledImporter.dll (API version 3709383).
LogModuleManager: Display: Found up-to-date module file ../../../Engine/Plugins/2D/Paper2D/Binaries/Win64/UE4Editor-SmartSnapping.dll (API version 3709383).
LogModuleManager: Display: Found up-to-date module file ../../../Engine/Plugins/Blendables/LightPropagationVolume/Binaries/Win64/UE4Editor-LightPropagationVolumeRuntime.dll (API version 3709383).
LogModuleManager: Display: Found up-to-date module file ../../../Engine/Plugins/Blendables/LightPropagationVolume/Binaries/Win64/UE4Editor-LightPropagationVolumeEditor.dll (API version 3709383).
LogModuleManager: Display: Found up-to-date module file ../../../Engine/Plugins/Developer/GitSourceControl/Binaries/Win64/UE4Editor-GitSourceControl.dll (API version 3709383).
LogModuleManager: Display: Found up-to-date module file ../../../Engine/Plugins/Developer/PerforceSourceControl/Binaries/Win64/UE4Editor-PerforceSourceControl.dll (API version 3709383).
LogModuleManager: Display: Found up-to-date module file ../../../Engine/Plugins/Developer/SubversionSourceControl/Binaries/Win64/UE4Editor-SubversionSourceControl.dll (API version 3709383).
LogModuleManager: Display: Found up-to-date module file ../../../Engine/Plugins/Developer/UObjectPlugin/Binaries/Win64/UE4Editor-UObjectPlugin.dll (API version 3709383).
LogModuleManager: Display: Found up-to-date module file ../../../Engine/Plugins/Developer/VisualStudioCodeSourceCodeAccess/Binaries/Win64/UE4Editor-VisualStudioCodeSourceCodeAccess.dll (API version 3709383).
LogModuleManager: Display: Found up-to-date module file ../../../Engine/Plugins/Developer/VisualStudioSourceCodeAccess/Binaries/Win64/UE4Editor-VisualStudioSourceCodeAccess.dll (API version 3709383).
LogModuleManager: Display: Found up-to-date module file ../../../Engine/Plugins/Editor/AssetManagerEditor/Binaries/Win64/UE4Editor-AssetManagerEditor.dll (API version 3709383).
LogModuleManager: Display: Found up-to-date module file ../../../Engine/Plugins/Editor/AudioCapture/Binaries/Win64/UE4Editor-AudioCapture.dll (API version 3709383).
LogModuleManager: Display: Found up-to-date module file ../../../Engine/Plugins/Editor/FacialAnimation/Binaries/Win64/UE4Editor-FacialAnimation.dll (API version 3709383).
LogModuleManager: Display: Found up-to-date module file ../../../Engine/Plugins/Editor/FacialAnimation/Binaries/Win64/UE4Editor-FacialAnimationEditor.dll (API version 3709383).
LogModuleManager: Display: Found up-to-date module file ../../../Engine/Plugins/Editor/GameplayTagsEditor/Binaries/Win64/UE4Editor-GameplayTagsEditor.dll (API version 3709383).
LogModuleManager: Display: Found up-to-date module file ../../../Engine/Plugins/Editor/MobileLauncherProfileWizard/Binaries/Win64/UE4Editor-MobileLauncherProfileWizard.dll (API version 3709383).
LogModuleManager: Display: Found up-to-date module file ../../../Engine/Plugins/Editor/PluginBrowser/Binaries/Win64/UE4Editor-PluginBrowser.dll (API version 3709383).
LogModuleManager: Display: Found up-to-date module file ../../../Engine/Plugins/Editor/SpeedTreeImporter/Binaries/Win64/UE4Editor-SpeedTreeImporter.dll (API version 3709383).
LogModuleManager: Display: Found up-to-date module file ../../../Engine/Plugins/Experimental/AlembicImporter/Binaries/Win64/UE4Editor-AlembicImporter.dll (API version 3709383).
LogModuleManager: Display: Found up-to-date module file ../../../Engine/Plugins/Experimental/AlembicImporter/Binaries/Win64/UE4Editor-AlembicLibrary.dll (API version 3709383).
LogModuleManager: Display: Found up-to-date module file ../../../Engine/Plugins/Experimental/CharacterAI/Binaries/Win64/UE4Editor-CharacterAI.dll (API version 3709383).
LogModuleManager: Display: Found up-to-date module file ../../../Engine/Plugins/Experimental/HTML5Networking/Binaries/Win64/UE4Editor-HTML5Networking.dll (API version 3709383).
LogModuleManager: Display: Found up-to-date module file ../../../Engine/Plugins/Media/AndroidMedia/Binaries/Win64/UE4Editor-AndroidMediaEditor.dll (API version 3709383).
LogModuleManager: Display: Found up-to-date module file ../../../Engine/Plugins/Media/AndroidMedia/Binaries/Win64/UE4Editor-AndroidMediaFactory.dll (API version 3709383).
LogModuleManager: Display: Found up-to-date module file ../../../Engine/Plugins/Media/AvfMedia/Binaries/Win64/UE4Editor-AvfMediaEditor.dll (API version 3709383).
LogModuleManager: Display: Found up-to-date module file ../../../Engine/Plugins/Media/AvfMedia/Binaries/Win64/UE4Editor-AvfMediaFactory.dll (API version 3709383).
LogModuleManager: Display: Found up-to-date module file ../../../Engine/Plugins/Media/AvfMedia/Binaries/Win64/UE4Editor-AvfMediaFactory.dll (API version 3709383).
LogModuleManager: Display: Found up-to-date module file ../../../Engine/Plugins/Media/ImgMedia/Binaries/Win64/UE4Editor-ImgMedia.dll (API version 3709383).
LogModuleManager: Display: Found up-to-date module file ../../../Engine/Plugins/Media/ImgMedia/Binaries/Win64/UE4Editor-ImgMediaEditor.dll (API version 3709383).
LogModuleManager: Display: Found up-to-date module file ../../../Engine/Plugins/Media/ImgMedia/Binaries/Win64/UE4Editor-ImgMediaFactory.dll (API version 3709383).
LogModuleManager: Display: Found up-to-date module file ../../../Engine/Plugins/Media/ImgMedia/Binaries/Win64/UE4Editor-ImgMediaFactory.dll (API version 3709383).
LogModuleManager: Display: Found up-to-date module file ../../../Engine/Plugins/Media/ImgMedia/Binaries/Win64/UE4Editor-OpenExrWrapper.dll (API version 3709383).
LogModuleManager: Display: Found up-to-date module file ../../../Engine/Plugins/Media/MediaCompositing/Binaries/Win64/UE4Editor-MediaCompositing.dll (API version 3709383).
LogModuleManager: Display: Found up-to-date module file ../../../Engine/Plugins/Media/MediaCompositing/Binaries/Win64/UE4Editor-MediaCompositingEditor.dll (API version 3709383).
LogModuleManager: Display: Found up-to-date module file ../../../Engine/Plugins/Media/MediaPlayerEditor/Binaries/Win64/UE4Editor-MediaPlayerEditor.dll (API version 3709383).
LogModuleManager: Display: Found up-to-date module file ../../../Engine/Plugins/Media/WmfMedia/Binaries/Win64/UE4Editor-WmfMedia.dll (API version 3709383).
LogModuleManager: Display: Found up-to-date module file ../../../Engine/Plugins/Media/WmfMedia/Binaries/Win64/UE4Editor-WmfMediaEditor.dll (API version 3709383).
LogModuleManager: Display: Found up-to-date module file ../../../Engine/Plugins/Media/WmfMedia/Binaries/Win64/UE4Editor-WmfMediaFactory.dll (API version 3709383).
LogModuleManager: Display: Found up-to-date module file ../../../Engine/Plugins/Media/WmfMedia/Binaries/Win64/UE4Editor-WmfMediaFactory.dll (API version 3709383).
LogModuleManager: Display: Found up-to-date module file ../../../Engine/Plugins/Messaging/TcpMessaging/Binaries/Win64/UE4Editor-TcpMessaging.dll (API version 3709383).
LogModuleManager: Display: Found up-to-date module file ../../../Engine/Plugins/Messaging/UdpMessaging/Binaries/Win64/UE4Editor-UdpMessaging.dll (API version 3709383).
LogModuleManager: Display: Found up-to-date module file ../../../Engine/Plugins/MovieScene/ActorSequence/Binaries/Win64/UE4Editor-ActorSequence.dll (API version 3709383).
LogModuleManager: Display: Found up-to-date module file ../../../Engine/Plugins/MovieScene/LevelSequenceEditor/Binaries/Win64/UE4Editor-LevelSequenceEditor.dll (API version 3709383).
LogModuleManager: Display: Found up-to-date module file ../../../Engine/Plugins/MovieScene/MatineeToLevelSequence/Binaries/Win64/UE4Editor-MatineeToLevelSequence.dll (API version 3709383).
LogModuleManager: Display: Found up-to-date module file ../../../Engine/Plugins/Online/OnlineSubsystem/Binaries/Win64/UE4Editor-OnlineSubsystem.dll (API version 3709383).
LogModuleManager: Display: Found up-to-date module file ../../../Engine/Plugins/Runtime/AndroidPermission/Binaries/Win64/UE4Editor-AndroidPermission.dll (API version 3709383).
LogModuleManager: Display: Found up-to-date module file ../../../Engine/Plugins/Online/OnlineSubsystemNull/Binaries/Win64/UE4Editor-OnlineSubsystemNull.dll (API version 3709383).
LogModuleManager: Display: Found up-to-date module file ../../../Engine/Plugins/Online/OnlineSubsystemUtils/Binaries/Win64/UE4Editor-OnlineSubsystemUtils.dll (API version 3709383).
LogModuleManager: Display: Found up-to-date module file ../../../Engine/Plugins/Online/OnlineSubsystemUtils/Binaries/Win64/UE4Editor-OnlineBlueprintSupport.dll (API version 3709383).
LogModuleManager: Display: Found up-to-date module file ../../../Engine/Plugins/Runtime/AndroidDeviceProfileSelector/Binaries/Win64/UE4Editor-AndroidDeviceProfileSelector.dll (API version 3709383).
LogModuleManager: Display: Found up-to-date module file ../../../Engine/Plugins/Runtime/AppleARKit/Binaries/Win64/UE4Editor-AppleARKit.dll (API version 3709383).
LogModuleManager: Display: Found up-to-date module file ../../../Engine/Plugins/Runtime/ArchVisCharacter/Binaries/Win64/UE4Editor-ArchVisCharacter.dll (API version 3709383).
LogModuleManager: Display: Found up-to-date module file ../../../Engine/Plugins/Runtime/CableComponent/Binaries/Win64/UE4Editor-CableComponent.dll (API version 3709383).
LogModuleManager: Display: Found up-to-date module file ../../../Engine/Plugins/Runtime/CustomMeshComponent/Binaries/Win64/UE4Editor-CustomMeshComponent.dll (API version 3709383).
LogModuleManager: Display: Found up-to-date module file ../../../Engine/Plugins/Runtime/ExampleDeviceProfileSelector/Binaries/Win64/UE4Editor-ExampleDeviceProfileSelector.dll (API version 3709383).
LogModuleManager: Display: Found up-to-date module file ../../../Engine/Plugins/Runtime/ImmediatePhysics/Binaries/Win64/UE4Editor-ImmediatePhysics.dll (API version 3709383).
LogModuleManager: Display: Found up-to-date module file ../../../Engine/Plugins/Runtime/ImmediatePhysics/Binaries/Win64/UE4Editor-ImmediatePhysicsEditor.dll (API version 3709383).
LogModuleManager: Display: Found up-to-date module file ../../../Engine/Plugins/Runtime/LocationServicesBPLibrary/Binaries/Win64/UE4Editor-LocationServicesBPLibrary.dll (API version 3709383).
LogModuleManager: Display: Found up-to-date module file ../../../Engine/Plugins/Runtime/MobilePatchingUtils/Binaries/Win64/UE4Editor-MobilePatchingUtils.dll (API version 3709383).
LogModuleManager: Display: Found up-to-date module file ../../../Engine/Plugins/Runtime/Oculus/OculusVR/Binaries/Win64/UE4Editor-OculusHMD.dll (API version 3709383).
LogModuleManager: Display: Found up-to-date module file ../../../Engine/Plugins/Runtime/Oculus/OculusVR/Binaries/Win64/UE4Editor-OculusInput.dll (API version 3709383).
LogModuleManager: Display: Found up-to-date module file ../../../Engine/Plugins/Runtime/Oculus/OculusVR/Binaries/Win64/UE4Editor-OculusEditor.dll (API version 3709383).
LogModuleManager: Display: Found up-to-date module file ../../../Engine/Plugins/Runtime/PhysXVehicles/Binaries/Win64/UE4Editor-PhysXVehicles.dll (API version 3709383).
LogModuleManager: Display: Found up-to-date module file ../../../Engine/Plugins/Runtime/PhysXVehicles/Binaries/Win64/UE4Editor-PhysXVehiclesEditor.dll (API version 3709383).
LogModuleManager: Display: Found up-to-date module file ../../../Engine/Plugins/Runtime/ProceduralMeshComponent/Binaries/Win64/UE4Editor-ProceduralMeshComponent.dll (API version 3709383).
LogModuleManager: Display: Found up-to-date module file ../../../Engine/Plugins/Runtime/ProceduralMeshComponent/Binaries/Win64/UE4Editor-ProceduralMeshComponentEditor.dll (API version 3709383).
LogModuleManager: Display: Found up-to-date module file ../../../Engine/Plugins/Runtime/RuntimePhysXCooking/Binaries/Win64/UE4Editor-RuntimePhysXCooking.dll (API version 3709383).
LogModuleManager: Display: Found up-to-date module file ../../../Engine/Plugins/Runtime/Steam/SteamVR/Binaries/Win64/UE4Editor-SteamVR.dll (API version 3709383).
LogModuleManager: Display: Found up-to-date module file ../../../Engine/Plugins/Runtime/Steam/SteamVR/Binaries/Win64/UE4Editor-SteamVRController.dll (API version 3709383).
LogModuleManager: Display: Found up-to-date module file ../../../Engine/Plugins/Runtime/WindowsMoviePlayer/Binaries/Win64/UE4Editor-WindowsMoviePlayer.dll (API version 3709383).
LogPluginManager: Mounting plugin Paper2D
LogPluginManager: Mounting plugin LightPropagationVolume
LogPluginManager: Mounting plugin CodeLiteSourceCodeAccess
LogPluginManager: Mounting plugin GitSourceControl
LogPluginManager: Mounting plugin KDevelopSourceCodeAccess
LogPluginManager: Mounting plugin NullSourceCodeAccess
LogPluginManager: Mounting plugin PerforceSourceControl
LogPluginManager: Mounting plugin SubversionSourceControl
LogPluginManager: Mounting plugin UObjectPlugin
LogPluginManager: Mounting plugin VisualStudioCodeSourceCodeAccess
LogPluginManager: Mounting plugin VisualStudioSourceCodeAccess
LogPluginManager: Mounting plugin XCodeSourceCodeAccess
LogPluginManager: Mounting plugin AssetManagerEditor
LogPluginManager: Mounting plugin AudioCapture
LogPluginManager: Mounting plugin FacialAnimation
LogPluginManager: Mounting plugin GameplayTagsEditor
LogPluginManager: Mounting plugin MobileLauncherProfileWizard
LogPluginManager: Mounting plugin PluginBrowser
LogPluginManager: Mounting plugin SpeedTreeImporter
LogPluginManager: Mounting plugin AlembicImporter
LogPluginManager: Mounting plugin CharacterAI
LogPluginManager: Mounting plugin HTML5Networking
LogPluginManager: Mounting plugin AndroidMedia
LogPluginManager: Mounting plugin AvfMedia
LogPluginManager: Mounting plugin ImgMedia
LogPluginManager: Mounting plugin MediaCompositing
LogPluginManager: Mounting plugin MediaPlayerEditor
LogPluginManager: Mounting plugin WmfMedia
LogPluginManager: Mounting plugin TcpMessaging
LogPluginManager: Mounting plugin UdpMessaging
LogPluginManager: Mounting plugin ActorSequence
LogPluginManager: Mounting plugin LevelSequenceEditor
LogPluginManager: Mounting plugin MatineeToLevelSequence
LogPluginManager: Mounting plugin OnlineSubsystemGooglePlay
LogPluginManager: Mounting plugin OnlineSubsystemIOS
LogPluginManager: Mounting plugin OnlineSubsystem
LogPluginManager: Mounting plugin OnlineSubsystemNull
LogPluginManager: Mounting plugin OnlineSubsystemUtils
LogPluginManager: Mounting plugin AndroidDeviceProfileSelector
LogPluginManager: Mounting plugin AndroidMoviePlayer
LogPluginManager: Mounting plugin AndroidPermission
LogPluginManager: Mounting plugin AppleARKit
LogPluginManager: Mounting plugin AppleMoviePlayer
LogPluginManager: Mounting plugin ArchVisCharacter
LogPluginManager: Mounting plugin CableComponent
LogPluginManager: Mounting plugin CustomMeshComponent
LogPluginManager: Mounting plugin ExampleDeviceProfileSelector
LogPluginManager: Mounting plugin GoogleCloudMessaging
LogPluginManager: Mounting plugin ImmediatePhysics
LogPluginManager: Mounting plugin IOSDeviceProfileSelector
LogPluginManager: Mounting plugin LinuxDeviceProfileSelector
LogPluginManager: Mounting plugin LocationServicesBPLibrary
LogPluginManager: Mounting plugin MobilePatchingUtils
LogPluginManager: Mounting plugin OculusVR
LogPluginManager: Plugin shader directory ../../../Engine/Plugins/Runtime/Oculus/OculusVR/Shaders found
LogPluginManager: Mapping shader source directory ../../../Engine/Plugins/Runtime/Oculus/OculusVR/Shaders to virtual directory /Plugin/OculusVR
LogPluginManager: Mounting plugin PhysXVehicles
LogPluginManager: Mounting plugin ProceduralMeshComponent
LogPluginManager: Mounting plugin RuntimePhysXCooking
LogPluginManager: Mounting plugin SteamVR
LogPluginManager: Mounting plugin WindowsMoviePlayer
LogInit: Using libcurl 7.47.1
LogInit:  - built for x86_64-pc-win32
LogInit:  - supports SSL with OpenSSL/1.0.2g
LogInit:  - supports HTTP deflate (compression) using libz 1.2.8
LogInit:  - other features:
LogInit:      CURL_VERSION_SSL
LogInit:      CURL_VERSION_LIBZ
LogInit:      CURL_VERSION_IPV6
LogInit:      CURL_VERSION_ASYNCHDNS
LogInit:      CURL_VERSION_LARGEFILE
LogInit:      CURL_VERSION_IDN
LogInit:  CurlRequestOptions (configurable via config and command line):
LogInit:  - bVerifyPeer = false  - Libcurl will NOT verify peer certificate
LogInit:  - bUseHttpProxy = false  - Libcurl will NOT use HTTP proxy
LogInit:  - bDontReuseConnections = false  - Libcurl will reuse connections
LogInit:  - CertBundlePath = nullptr  - Libcurl will use whatever was configured at build time.
LogInit: Build: ++UE4+Release-4.18-CL-3832480
LogInit: Engine Version: 4.18.3-3832480+++UE4+Release-4.18
LogInit: Compatible Engine Version: 4.18.0-3709383+++UE4+Release-4.18
LogInit: Net CL: 3709383
LogDevObjectVersion: Number of dev versions registered: 16
LogDevObjectVersion:   Dev-Blueprints (B0D832E4-1F89-4F0D-ACCF-7EB736FD4AA2): 10
LogDevObjectVersion:   Dev-Build (E1C64328-A22C-4D53-A36C-8E866417BD8C): 0
LogDevObjectVersion:   Dev-Core (375EC13C-06E4-48FB-B500-84F0262A717E): 2
LogDevObjectVersion:   Dev-Editor (E4B068ED-F494-42E9-A231-DA0B2E46BB41): 20
LogDevObjectVersion:   Dev-Framework (CFFC743F-43B0-4480-9391-14DF171D2073): 30
LogDevObjectVersion:   Dev-Mobile (B02B49B5-BB20-44E9-A304-32B752E40360): 0
LogDevObjectVersion:   Dev-Networking (A4E4105C-59A1-49B5-A7C5-40C4547EDFEE): 0
LogDevObjectVersion:   Dev-Online (39C831C9-5AE6-47DC-9A44-9C173E1C8E7C): 0
LogDevObjectVersion:   Dev-Physics (78F01B33-EBEA-4F98-B9B4-84EACCB95AA2): 0
LogDevObjectVersion:   Dev-Platform (6631380F-2D4D-43E0-8009-CF276956A95A): 0
LogDevObjectVersion:   Dev-Rendering (12F88B9F-8875-4AFC-A67C-D90C383ABD29): 20
LogDevObjectVersion:   Dev-Sequencer (7B5AE74C-D270-4C10-A958-57980B212A5A): 4
LogDevObjectVersion:   Dev-VR (D7296918-1DD6-4BDD-9DE2-64A83CC13884): 0
LogDevObjectVersion:   Dev-LoadTimes (C2A15278-BFE7-4AFE-6C17-90FF531DF755): 1
LogDevObjectVersion:   Private-Geometry (6EACA3D4-40EC-4CC1-B786-8BED09428FC5): 1
LogDevObjectVersion:   Dev-AnimPhys (29E575DD-E0A3-4627-9D10-D276232CDCEA): 12
LogInit: Compiled (64-bit): Jan 12 2018 02:04:55
LogInit: Compiled with Visual C++: 19.00.24215.01
LogInit: Build Configuration: Development
LogInit: Branch Name: ++UE4+Release-4.18
LogInit: Command line:  
LogInit: Base directory: C:/Program Files/Epic Games/UE_4.18/Engine/Binaries/Win64/
LogInit: Installed Engine Build: 1
LogInit: Presizing for max 8388607 objects, including 0 objects not considered by GC, pre-allocating 0 bytes for permanent pool.
LogInit: Object subsystem initialized
[2018.03.25-17.48.21:741][  0]LogInit: Selected Device Profile: [Windows]
[2018.03.25-17.48.21:741][  0]LogInit: Applying CVar settings loaded from the selected device profile: [Windows]
[2018.03.25-17.48.21:761][  0]LogInit: Computer: LAPTOP-92OR110V
[2018.03.25-17.48.21:762][  0]LogInit: User: User
[2018.03.25-17.48.21:762][  0]LogInit: CPU Page size=4096, Cores=4
[2018.03.25-17.48.21:762][  0]LogInit: High frequency timer resolution =2.250002 MHz
[2018.03.25-17.48.21:762][  0]LogMemory: Memory total: Physical=15.8GB (16GB approx)
[2018.03.25-17.48.21:762][  0]LogMemory: Platform Memory Stats for Windows
[2018.03.25-17.48.21:762][  0]LogMemory: Process Physical Memory: 273.71 MB used, 273.71 MB peak
[2018.03.25-17.48.21:762][  0]LogMemory: Process Virtual Memory: 269.77 MB used, 269.77 MB peak
[2018.03.25-17.48.21:762][  0]LogMemory: Physical Memory: 9979.98 MB used,  6199.00 MB free, 16178.98 MB total
[2018.03.25-17.48.21:762][  0]LogMemory: Virtual Memory: 681.88 MB used,  6199.00 MB free, 134217728.00 MB total
[2018.03.25-17.48.21:977][  0]LogInit: Using OS detected language (ru-RU).
[2018.03.25-17.48.21:977][  0]LogInit: Using OS detected locale (ru-RU).
[2018.03.25-17.48.21:980][  0]LogTextLocalizationManager: No localization for 'ru-RU' exists, so 'en' will be used for the language.
[2018.03.25-17.48.21:980][  0]LogTextLocalizationManager: No localization for 'ru-RU' exists, so 'en' will be used for the locale.
[2018.03.25-17.48.22:556][  0]LogInit: Setting process to per monitor DPI aware
[2018.03.25-17.48.22:864][  0]LogD3D11RHI: D3D11 adapters:
[2018.03.25-17.48.22:893][  0]LogD3D11RHI:    0. 'NVIDIA GeForce GTX 950M' (Feature Level 11_0)
[2018.03.25-17.48.22:893][  0]LogD3D11RHI:       4064/0/8089 MB DedicatedVideo/DedicatedSystem/SharedSystem, Outputs:1, VendorId:0x10de
[2018.03.25-17.48.22:900][  0]LogD3D11RHI:    1. 'Intel(R) HD Graphics 530' (Feature Level 11_0)
[2018.03.25-17.48.22:900][  0]LogD3D11RHI:       128/0/8089 MB DedicatedVideo/DedicatedSystem/SharedSystem, Outputs:0, VendorId:0x8086
[2018.03.25-17.48.22:902][  0]LogD3D11RHI:    2. 'Microsoft Basic Render Driver' (Feature Level 11_0)
[2018.03.25-17.48.22:902][  0]LogD3D11RHI:       0/0/8089 MB DedicatedVideo/DedicatedSystem/SharedSystem, Outputs:0, VendorId:0x1414
[2018.03.25-17.48.22:902][  0]LogD3D11RHI: Chosen D3D11 Adapter: 0
[2018.03.25-17.48.22:912][  0]LogD3D11RHI: Creating new Direct3DDevice
[2018.03.25-17.48.22:912][  0]LogD3D11RHI:     GPU DeviceId: 0x139a (for the marketing name, search the web for "GPU Device Id")
[2018.03.25-17.48.22:912][  0]LogWindows: EnumDisplayDevices:
[2018.03.25-17.48.22:912][  0]LogWindows:    0. 'Intel(R) HD Graphics 530' (P:1 D:1)
[2018.03.25-17.48.22:913][  0]LogWindows:    1. 'Intel(R) HD Graphics 530' (P:0 D:0)
[2018.03.25-17.48.22:913][  0]LogWindows:    2. 'Intel(R) HD Graphics 530' (P:0 D:0)
[2018.03.25-17.48.22:913][  0]LogWindows: DebugString: GetVideoDriverDetailsInvalid PrimaryIsNotTheChoosenAdapter GetVideoDriverDetailsInvalid PrimaryIsNotTheChoosenAdapter GetVideoDriverDetailsInvalid PrimaryIsNotTheChoosenAdapter FoundDriverCount:0 
[2018.03.25-17.48.22:913][  0]LogD3D11RHI:     Adapter Name: NVIDIA GeForce GTX 950M
[2018.03.25-17.48.22:913][  0]LogD3D11RHI:   Driver Version: Unknown (internal:Unknown, unified:Unknown)
[2018.03.25-17.48.22:913][  0]LogD3D11RHI:      Driver Date: Unknown
[2018.03.25-17.48.22:913][  0]LogRHI: Texture pool is 2845 MB (70% of 4064 MB)
[2018.03.25-17.48.22:932][  0]LogD3D11RHI: Async texture creation enabled
[2018.03.25-17.48.22:945][  0]LogD3D11RHI: GPU Timing Frequency: 1000.000000 (Debug: 2 1)
[2018.03.25-17.48.22:946][  0]LogShaderCompilers: Guid format shader working directory is -71 characters bigger than the processId version (../../../../../../Users/User/Downloads/CarTest_-_Advanced_Vehicle_Kit/CharacterInteraction_418/CharacterInteraction/Intermediate/Shaders/WorkingDirectory/13168/).
[2018.03.25-17.48.22:946][  0]LogShaderCompilers: Cleaned the shader compiler working directory 'C:/Users/User/AppData/Local/Temp/UnrealShaderWorkingDir/9B40C66A4A8EDF93D71B4BB43E61BEE8/'.
[2018.03.25-17.48.22:946][  0]LogShaderCompilers: Display: Using Local Shader Compiler.
[2018.03.25-17.48.24:080][  0]LogTemp: Display: Loaded TP AllDesktopTargetPlatform
[2018.03.25-17.48.24:151][  0]LogTemp: Display: Loaded TP MacClientTargetPlatform
[2018.03.25-17.48.24:218][  0]LogTemp: Display: Loaded TP MacNoEditorTargetPlatform
[2018.03.25-17.48.24:287][  0]LogTemp: Display: Loaded TP MacServerTargetPlatform
[2018.03.25-17.48.24:358][  0]LogTemp: Display: Loaded TP MacTargetPlatform
[2018.03.25-17.48.24:426][  0]LogTemp: Display: Loaded TP WindowsClientTargetPlatform
[2018.03.25-17.48.24:493][  0]LogTemp: Display: Loaded TP WindowsNoEditorTargetPlatform
[2018.03.25-17.48.24:563][  0]LogTemp: Display: Loaded TP WindowsServerTargetPlatform
[2018.03.25-17.48.24:623][  0]LogTemp: Display: Loaded TP WindowsTargetPlatform
[2018.03.25-17.48.24:689][  0]LogTemp: Display: Loaded TP Android_ASTCTargetPlatform
[2018.03.25-17.48.24:758][  0]LogTemp: Display: Loaded TP Android_ATCTargetPlatform
[2018.03.25-17.48.24:828][  0]LogTemp: Display: Loaded TP Android_DXTTargetPlatform
[2018.03.25-17.48.24:893][  0]LogTemp: Display: Loaded TP Android_ETC1TargetPlatform
[2018.03.25-17.48.24:960][  0]LogTemp: Display: Loaded TP Android_ETC2TargetPlatform
[2018.03.25-17.48.25:092][  0]LogTemp: Display: Loaded TP Android_MultiTargetPlatform
[2018.03.25-17.48.25:092][  0]LogTemp: Display: Loaded TP Android_PVRTCTargetPlatform
[2018.03.25-17.48.25:161][  0]LogTemp: Display: Loaded TP AndroidTargetPlatform
[2018.03.25-17.48.25:215][  0]LogTemp: Display: Loaded TP HTML5TargetPlatform
[2018.03.25-17.48.25:333][  0]LogTemp: Display: Loaded TP IOSTargetPlatform
[2018.03.25-17.48.25:370][  0]LogTemp: Display: Loaded TP TVOSTargetPlatform
[2018.03.25-17.48.25:437][  0]LogTemp: Display: Loaded TP LinuxClientTargetPlatform
[2018.03.25-17.48.25:501][  0]LogTemp: Display: Loaded TP LinuxNoEditorTargetPlatform
[2018.03.25-17.48.25:567][  0]LogTemp: Display: Loaded TP LinuxServerTargetPlatform
[2018.03.25-17.48.25:635][  0]LogTemp: Display: Loaded TP LinuxTargetPlatform
[2018.03.25-17.48.25:635][  0]LogTargetPlatformManager: Display: Building Assets For Windows
[2018.03.25-17.48.26:260][  0]LogDerivedDataCache: Display: Max Cache Size: 512 MB
[2018.03.25-17.48.26:360][  0]LogDerivedDataCache: Loaded boot cache 0.10s 78MB C:/Users/User/AppData/Local/UnrealEngine/4.18/DerivedDataCache/Boot.ddc.
[2018.03.25-17.48.26:360][  0]LogDerivedDataCache: Display: Loaded Boot cache: C:/Users/User/AppData/Local/UnrealEngine/4.18/DerivedDataCache/Boot.ddc
[2018.03.25-17.48.26:360][  0]LogDerivedDataCache: FDerivedDataBackendGraph:  Pak pak cache file ../../../../../../Users/User/Downloads/CarTest_-_Advanced_Vehicle_Kit/CharacterInteraction_418/CharacterInteraction/DerivedDataCache/DDC.ddp not found, will not use a pak cache.
[2018.03.25-17.48.26:360][  0]LogDerivedDataCache: Unable to find inner node Pak for hierarchical cache Hierarchy.
[2018.03.25-17.48.26:360][  0]LogDerivedDataCache: FDerivedDataBackendGraph:  CompressedPak pak cache file ../../../../../../Users/User/Downloads/CarTest_-_Advanced_Vehicle_Kit/CharacterInteraction_418/CharacterInteraction/DerivedDataCache/Compressed.ddp not found, will not use a pak cache.
[2018.03.25-17.48.26:360][  0]LogDerivedDataCache: Unable to find inner node CompressedPak for hierarchical cache Hierarchy.
[2018.03.25-17.48.26:378][  0]LogDerivedDataCache: Display: Pak cache opened for reading ../../../Engine/DerivedDataCache/Compressed.ddp.
[2018.03.25-17.48.26:390][  0]LogDerivedDataCache: Using Local data cache path C:/Users/User/AppData/Local/UnrealEngine/Common/DerivedDataCache: Writable
[2018.03.25-17.48.26:403][  0]LogMaterial: Verifying Global Shaders for PCD3D_SM5
[2018.03.25-17.48.26:404][  0]LogSlate: Using Freetype 2.6.0
[2018.03.25-17.48.26:404][  0]LogSlate: SlateFontCache - WITH_FREETYPE: 1, WITH_HARFBUZZ: 1
[2018.03.25-17.48.26:404][  0]LogSlate: SlateFontCache - WITH_FREETYPE: 1, WITH_HARFBUZZ: 1
[2018.03.25-17.48.26:865][  0]LogInit: Selected Device Profile: [Windows]
[2018.03.25-17.48.27:319][  0]LogSimplygon: Simplygon DLL not present - disabling.
[2018.03.25-17.48.27:372][  0]LogMeshReduction: Using SimplygonSwarm for distributed automatic mesh merging
[2018.03.25-17.48.27:372][  0]LogMeshReduction: Using QuadricMeshReduction for automatic static mesh reduction
[2018.03.25-17.48.27:372][  0]LogMeshReduction: No automatic skeletal mesh reduction module available
[2018.03.25-17.48.27:372][  0]LogMeshReduction: No automatic mesh merging module available
[2018.03.25-17.48.27:372][  0]LogMeshMerging: No automatic mesh merging module available
[2018.03.25-17.48.27:403][  0]LogNetVersion: CharacterInteraction , NetCL: 3709383, EngineNetVer: 2, GameNetVer: 0 (Checksum: 2469258641)
[2018.03.25-17.48.27:608][  0]LogAssetRegistry: FAssetRegistry took 0.0271 seconds to start up
[2018.03.25-17.48.28:248][  0]LogPackageLocalizationCache: Processed 7 localized package path(s) for 1 prioritized culture(s) in 0.060204 seconds
[2018.03.25-17.48.28:255][  0]LogUObjectArray: 35870 objects as part of root set at end of initial load.
[2018.03.25-17.48.28:255][  0]LogUObjectAllocator: 7363704 out of 0 bytes used by permanent object pool.
[2018.03.25-17.48.28:255][  0]LogUObjectArray: CloseDisregardForGC: 0/0 objects in disregard for GC pool
[2018.03.25-17.48.28:321][  0]LogInit: WinSock: version 1.1 (2.2), MaxSocks=32767, MaxUdp=65467
[2018.03.25-17.48.31:740][  0]LogTcpMessaging: Initializing TcpMessaging bridge
[2018.03.25-17.48.31:792][  0]LogUdpMessaging: Initializing bridge on interface 0.0.0.0:0 to multicast group 230.0.0.1:6666.
[2018.03.25-17.48.32:639][  0]LogMaterial: Uniform references updated for custom material expression Custom.
[2018.03.25-17.48.33:210][  0]SourceControl: Source control is disabled
[2018.03.25-17.48.33:210][  0]SourceControl: Source control is disabled
[2018.03.25-17.48.33:279][  0]SourceControl: Source control is disabled
[2018.03.25-17.48.33:348][  0]SourceControl: Source control is disabled
[2018.03.25-17.48.34:401][  0]LogAndroidPermission: UAndroidPermissionCallbackProxy::GetInstance
[2018.03.25-17.48.34:751][  0]LogOcInput: OculusInput pre-init called
[2018.03.25-17.48.35:116][  0]LogEngine: Initializing Engine...
[2018.03.25-17.48.35:118][  0]LogHMD: Failed to initialize OpenVR with code 110
[2018.03.25-17.48.35:367][  0]LogStats: UGameplayTagsManager::ConstructGameplayTagTree: Construct from data asset -  0.000 s
[2018.03.25-17.48.35:367][  0]LogStats: UGameplayTagsManager::ConstructGameplayTagTree: GameplayTagTreeChangedEvent.Broadcast -  0.000 s
[2018.03.25-17.48.35:524][  0]LogAIModule: Creating AISystem for world Untitled
[2018.03.25-17.48.35:531][  0]LogInit: XAudio2 using 'Динамики (Realtek High Definition Audio)' : 2 channels at 48 kHz using 32 bits per sample (channel mask 0x3)
[2018.03.25-17.48.35:550][  0]LogInit: FAudioDevice initialized.
[2018.03.25-17.48.35:630][  0]LogDerivedDataCache: Saved boot cache 0.08s 78MB C:/Users/User/AppData/Local/UnrealEngine/4.18/DerivedDataCache/Boot.ddc.
[2018.03.25-17.48.35:645][  0]LogInit: Texture streaming: Enabled
[2018.03.25-17.48.35:774][  0]LogEngineSessionManager: EngineSessionManager initialized
[2018.03.25-17.48.35:944][  0]LogInit: Transaction tracking system initialized
[2018.03.25-17.48.36:365][  0]BlueprintLog: New page: Editor Load
[2018.03.25-17.48.37:555][  0]LocalizationService: Localization service is disabled
[2018.03.25-17.48.38:491][  0]LogConsoleResponse: Display: 
[2018.03.25-17.48.38:729][  0]LogCook: Display: Max memory allowance for cook 16384mb min free memory 0mb
[2018.03.25-17.48.38:729][  0]LogCook: Display: Mobile HDR setting 1
[2018.03.25-17.48.38:729][  0]LogGameplayTags: Display: UGameplayTagsManager::DoneAddingNativeTags. DelegateIsBound: 0
[2018.03.25-17.48.38:936][  0]LogFileCache: Scanning file cache for directory 'C:/Users/User/Downloads/CarTest_-_Advanced_Vehicle_Kit/CharacterInteraction_418/CharacterInteraction/Content/' took 0.03s
[2018.03.25-17.48.40:275][  0]SourceControl: Source control is disabled
[2018.03.25-17.48.40:283][  0]LightingResults: New page: Lighting Build
[2018.03.25-17.48.40:337][  0]MapCheck: New page: Map Check
[2018.03.25-17.48.40:337][  0]LightingResults: New page: Lighting Build
[2018.03.25-17.48.54:660][  0]LogAIModule: Creating AISystem for world Level_Interaction
[2018.03.25-17.48.54:842][  0]LogEditorServer: Finished looking for orphan Actors (0.000 secs)
[2018.03.25-17.48.54:917][  0]Cmd: MAP CHECKDEP NOCLEARLOG
[2018.03.25-17.48.55:065][  0]MapCheck: Map check complete: 0 Error(s), 0 Warning(s), took 148.057ms to complete.
[2018.03.25-17.48.55:065][  0]LogFileHelpers: Loading map 'Level_Interaction' took 14.790
[2018.03.25-17.48.55:122][  0]LogWindowsTextInputMethodSystem: Display: IME system now deactivated.
[2018.03.25-17.48.55:233][  0]LogCollectionManager: Loaded 0 collections in 0.002263 seconds
[2018.03.25-17.48.55:331][  0]LogFileCache: Scanning file cache for directory 'C:/Users/User/Downloads/CarTest_-_Advanced_Vehicle_Kit/CharacterInteraction_418/CharacterInteraction/Saved/Collections/' took 0.01s
[2018.03.25-17.48.55:331][  0]LogFileCache: Scanning file cache for directory 'C:/Users/User/Downloads/CarTest_-_Advanced_Vehicle_Kit/CharacterInteraction_418/CharacterInteraction/Content/Developers/User/Collections/' took 0.01s
[2018.03.25-17.48.55:331][  0]LogFileCache: Scanning file cache for directory 'C:/Users/User/Downloads/CarTest_-_Advanced_Vehicle_Kit/CharacterInteraction_418/CharacterInteraction/Content/Collections/' took 0.01s
[2018.03.25-17.48.55:331][  0]LogCollectionManager: Rebuilt the GUID cache for 0 collections in 0.000001 seconds
[2018.03.25-17.48.55:341][  0]LogContentBrowser: Native class hierarchy populated in 0.0101 seconds. Added 2363 classes and 519 folders.
[2018.03.25-17.48.55:435][  0]LogContentBrowser: Native class hierarchy updated for 'WidgetCarousel' in 0.0004 seconds. Added 0 classes and 0 folders.
[2018.03.25-17.48.55:889][  0]LogContentBrowser: Native class hierarchy updated for 'AddContentDialog' in 0.0003 seconds. Added 0 classes and 0 folders.
[2018.03.25-17.48.55:951][  0]LogContentBrowser: Native class hierarchy updated for 'SceneOutliner' in 0.0003 seconds. Added 1 classes and 2 folders.
[2018.03.25-17.48.55:968][  0]LogSlate: Took 0.000162 seconds to synchronously load lazily loaded font '../../../Engine/Content/Slate/Fonts/Roboto-Regular.ttf' (155K)
[2018.03.25-17.48.55:970][  0]LogSlate: Took 0.000219 seconds to synchronously load lazily loaded font '../../../Engine/Content/Slate/Fonts/Roboto-Bold.ttf' (160K)
[2018.03.25-17.48.55:984][  0]LogSlate: Took 0.007895 seconds to synchronously load lazily loaded font '../../../Engine/Content/Editor/Slate/Fonts/FontAwesome.ttf' (139K)
[2018.03.25-17.48.56:126][  0]LogRenderer: Reallocating scene render targets to support 1208x576 Format 9 NumSamples 1 (Frame:1).
[2018.03.25-17.48.56:452][  0]LogContentBrowser: Native class hierarchy updated for 'HierarchicalLODOutliner' in 0.0004 seconds. Added 1 classes and 2 folders.
[2018.03.25-17.48.56:452][  0]LogLoad: (Engine Initialization) Total time: 38.40 seconds
[2018.03.25-17.48.56:452][  0]LogLoad: (Engine Initialization) Total Blueprint compile time: 0.00 seconds
[2018.03.25-17.48.56:452][  0]LogExternalProfiler: No external profilers were discovered.  External profiling features will not be available.
[2018.03.25-17.48.56:494][  0]LogContentStreaming: Texture pool size now 800 MB
[2018.03.25-17.48.56:557][  0]LogSlate: Took 0.000261 seconds to synchronously load lazily loaded font '../../../Engine/Content/Slate/Fonts/Roboto-Light.ttf' (159K)
[2018.03.25-17.48.56:589][  1]LogAssetRegistry: Asset discovery search completed in 29.0030 seconds
[2018.03.25-17.48.56:592][  1]LogCollectionManager: Rebuilt the object cache for 0 collections in 0.000000 seconds (found 0 objects)
[2018.03.25-17.48.56:592][  1]LogCollectionManager: Fixed up redirectors for 0 collections in 0.000071 seconds (updated 0 objects)
[2018.03.25-17.49.25:478][688]LogTemp: Repeating last play command: Selected Viewport
[2018.03.25-17.49.25:575][688]LogBlueprintUserMessages: Early PlayInEditor Detection: Level '/Game/Interaction/Maps/Level_Interaction.Level_Interaction:PersistentLevel' has LevelScriptBlueprint '/Game/Interaction/Maps/Level_Interaction.Level_Interaction:PersistentLevel.Level_Interaction' with GeneratedClass '/Game/Interaction/Maps/Level_Interaction.Level_Interaction_C' with ClassGeneratedBy '/Game/Interaction/Maps/Level_Interaction.Level_Interaction:PersistentLevel.Level_Interaction'
[2018.03.25-17.49.25:576][688]LogPlayLevel: PlayLevel: No blueprints needed recompiling
[2018.03.25-17.49.25:579][688]PIE: New page: PIE session: Level_Interaction (Mar 25, 2018, 11:49:25 PM)
[2018.03.25-17.49.25:579][688]LogPlayLevel: Creating play world package: /Game/Interaction/Maps/UEDPIE_0_Level_Interaction
[2018.03.25-17.49.25:638][688]LogPlayLevel: PIE: StaticDuplicateObject took: (0.058280s)
[2018.03.25-17.49.25:639][688]LogAIModule: Creating AISystem for world Level_Interaction
[2018.03.25-17.49.25:639][688]LogPlayLevel: PIE: World Init took: (0.001131s)
[2018.03.25-17.49.25:640][688]LogPlayLevel: PIE: Created PIE world by copying editor world from /Game/Interaction/Maps/Level_Interaction.Level_Interaction to /Game/Interaction/Maps/UEDPIE_0_Level_Interaction.Level_Interaction (0.059892s)
[2018.03.25-17.49.25:660][688]LogInit: XAudio2 using 'Динамики (Realtek High Definition Audio)' : 2 channels at 48 kHz using 32 bits per sample (channel mask 0x3)
[2018.03.25-17.49.25:672][688]LogInit: FAudioDevice initialized.
[2018.03.25-17.49.25:721][688]LogLoad: Game class is 'Interaction_GameMode_C'
[2018.03.25-17.49.25:736][688]LogWorld: Bringing World /Game/Interaction/Maps/UEDPIE_0_Level_Interaction.Level_Interaction up for play (max tick rate 60) at 2018.03.25-20.49.25
[2018.03.25-17.49.25:741][688]LogWorld: Bringing up level for play took: 0.018244
[2018.03.25-17.49.25:803][688]LogContentBrowser: Native class hierarchy updated for 'MovieSceneCapture' in 0.0006 seconds. Added 11 classes and 0 folders.
[2018.03.25-17.49.25:848][688]Cmd: r.Decal.FadeScreenSizeMult 7
[2018.03.25-17.49.25:852][688]r.Decal.FadeScreenSizeMult = "7"
[2018.03.25-17.49.25:865][688]PIE: Play in editor start time for /Game/Interaction/Maps/UEDPIE_0_Level_Interaction -0.045
[2018.03.25-17.49.25:865][688]LogBlueprintUserMessages: Late PlayInEditor Detection: Level '/Game/Interaction/Maps/Level_Interaction.Level_Interaction:PersistentLevel' has LevelScriptBlueprint '/Game/Interaction/Maps/Level_Interaction.Level_Interaction:PersistentLevel.Level_Interaction' with GeneratedClass '/Game/Interaction/Maps/Level_Interaction.Level_Interaction_C' with ClassGeneratedBy '/Game/Interaction/Maps/Level_Interaction.Level_Interaction:PersistentLevel.Level_Interaction'
[2018.03.25-17.49.27:444][774]LogBlueprintUserMessages: Early EndPlayMap Detection: Level '/Game/Interaction/Maps/Level_Interaction.Level_Interaction:PersistentLevel' has LevelScriptBlueprint '/Game/Interaction/Maps/Level_Interaction.Level_Interaction:PersistentLevel.Level_Interaction' with GeneratedClass '/Game/Interaction/Maps/Level_Interaction.Level_Interaction_C' with ClassGeneratedBy '/Game/Interaction/Maps/Level_Interaction.Level_Interaction:PersistentLevel.Level_Interaction'
[2018.03.25-17.49.27:487][774]LogBlueprintUserMessages: Late EndPlayMap Detection: Level '/Game/Interaction/Maps/Level_Interaction.Level_Interaction:PersistentLevel' has LevelScriptBlueprint '/Game/Interaction/Maps/Level_Interaction.Level_Interaction:PersistentLevel.Level_Interaction' with GeneratedClass '/Game/Interaction/Maps/Level_Interaction.Level_Interaction_C' with ClassGeneratedBy '/Game/Interaction/Maps/Level_Interaction.Level_Interaction:PersistentLevel.Level_Interaction'
[2018.03.25-17.49.36:872][295]LogSlate: Took 0.000192 seconds to synchronously load lazily loaded font '../../../Engine/Content/Slate/Fonts/Roboto-Light.ttf' (159K)
[2018.03.25-17.49.37:443][295]LogAIModule: Creating AISystem for world Level_Interaction_FirstPerson
[2018.03.25-17.49.37:574][295]LightingResults: New page: Lighting Build
[2018.03.25-17.49.37:575][295]LoadErrors: New page: Loading map: Level_Interaction_FirstPerson.umap
[2018.03.25-17.49.37:581][295]MapCheck: New page: Map Check
[2018.03.25-17.49.37:581][295]LightingResults: New page: Lighting Build
[2018.03.25-17.49.37:774][295]LogEditorServer: Finished looking for orphan Actors (0.000 secs)
[2018.03.25-17.49.37:843][295]Cmd: MAP CHECKDEP NOCLEARLOG
[2018.03.25-17.49.37:993][295]MapCheck: Map check complete: 0 Error(s), 0 Warning(s), took 149.814ms to complete.
[2018.03.25-17.49.37:994][295]LogFileHelpers: Loading map 'Level_Interaction_FirstPerson' took 0.421
[2018.03.25-17.49.38:511][324]LogTemp: Repeating last play command: Selected Viewport
[2018.03.25-17.49.38:527][324]LogBlueprintUserMessages: Early PlayInEditor Detection: Level '/Game/Interaction/Maps/Level_Interaction_FirstPerson.Level_Interaction_FirstPerson:PersistentLevel' has LevelScriptBlueprint '/Game/Interaction/Maps/Level_Interaction_FirstPerson.Level_Interaction_FirstPerson:PersistentLevel.Level_Interaction_FirstPerson' with GeneratedClass '/Game/Interaction/Maps/Level_Interaction_FirstPerson.Level_Interaction_FirstPerson_C' with ClassGeneratedBy '/Game/Interaction/Maps/Level_Interaction_FirstPerson.Level_Interaction_FirstPerson:PersistentLevel.Level_Interaction_FirstPerson'
[2018.03.25-17.49.38:528][324]LogPlayLevel: PlayLevel: No blueprints needed recompiling
[2018.03.25-17.49.38:528][324]PIE: New page: PIE session: Level_Interaction_FirstPerson (Mar 25, 2018, 11:49:38 PM)
[2018.03.25-17.49.38:528][324]LogPlayLevel: Creating play world package: /Game/Interaction/Maps/UEDPIE_0_Level_Interaction_FirstPerson
[2018.03.25-17.49.38:586][324]LogPlayLevel: PIE: StaticDuplicateObject took: (0.057529s)
[2018.03.25-17.49.38:587][324]LogAIModule: Creating AISystem for world Level_Interaction_FirstPerson
[2018.03.25-17.49.38:587][324]LogPlayLevel: PIE: World Init took: (0.000696s)
[2018.03.25-17.49.38:587][324]LogPlayLevel: PIE: Created PIE world by copying editor world from /Game/Interaction/Maps/Level_Interaction_FirstPerson.Level_Interaction_FirstPerson to /Game/Interaction/Maps/UEDPIE_0_Level_Interaction_FirstPerson.Level_Interaction_FirstPerson (0.058674s)
[2018.03.25-17.49.38:606][324]LogInit: XAudio2 using 'Динамики (Realtek High Definition Audio)' : 2 channels at 48 kHz using 32 bits per sample (channel mask 0x3)
[2018.03.25-17.49.38:617][324]LogInit: FAudioDevice initialized.
[2018.03.25-17.49.38:652][324]LogLoad: Game class is 'Interaction_GameMode_FPS_C'
[2018.03.25-17.49.38:667][324]LogWorld: Bringing World /Game/Interaction/Maps/UEDPIE_0_Level_Interaction_FirstPerson.Level_Interaction_FirstPerson up for play (max tick rate 60) at 2018.03.25-20.49.38
[2018.03.25-17.49.38:669][324]LogWorld: Bringing up level for play took: 0.015780
[2018.03.25-17.49.38:682][324]Cmd: r.Decal.FadeScreenSizeMult 7
[2018.03.25-17.49.38:683][324]r.Decal.FadeScreenSizeMult = "7"
[2018.03.25-17.49.38:691][324]PIE: Play in editor start time for /Game/Interaction/Maps/UEDPIE_0_Level_Interaction_FirstPerson 0.781
[2018.03.25-17.49.38:691][324]LogBlueprintUserMessages: Late PlayInEditor Detection: Level '/Game/Interaction/Maps/Level_Interaction_FirstPerson.Level_Interaction_FirstPerson:PersistentLevel' has LevelScriptBlueprint '/Game/Interaction/Maps/Level_Interaction_FirstPerson.Level_Interaction_FirstPerson:PersistentLevel.Level_Interaction_FirstPerson' with GeneratedClass '/Game/Interaction/Maps/Level_Interaction_FirstPerson.Level_Interaction_FirstPerson_C' with ClassGeneratedBy '/Game/Interaction/Maps/Level_Interaction_FirstPerson.Level_Interaction_FirstPerson:PersistentLevel.Level_Interaction_FirstPerson'
[2018.03.25-17.50.02:792][728]Cmd: LevelEditor.ToggleImmersive
[2018.03.25-17.50.02:945][729]LogRenderer: Reallocating scene render targets to support 1568x812 Format 9 NumSamples 1 (Frame:1406).
[2018.03.25-17.50.02:994][730]LogRenderer: Reallocating scene render targets to support 1920x1040 Format 9 NumSamples 1 (Frame:1408).
[2018.03.25-17.50.36:001][185]LogBlueprintUserMessages: Early EndPlayMap Detection: Level '/Game/Interaction/Maps/Level_Interaction_FirstPerson.Level_Interaction_FirstPerson:PersistentLevel' has LevelScriptBlueprint '/Game/Interaction/Maps/Level_Interaction_FirstPerson.Level_Interaction_FirstPerson:PersistentLevel.Level_Interaction_FirstPerson' with GeneratedClass '/Game/Interaction/Maps/Level_Interaction_FirstPerson.Level_Interaction_FirstPerson_C' with ClassGeneratedBy '/Game/Interaction/Maps/Level_Interaction_FirstPerson.Level_Interaction_FirstPerson:PersistentLevel.Level_Interaction_FirstPerson'
[2018.03.25-17.50.36:083][185]LogBlueprintUserMessages: Late EndPlayMap Detection: Level '/Game/Interaction/Maps/Level_Interaction_FirstPerson.Level_Interaction_FirstPerson:PersistentLevel' has LevelScriptBlueprint '/Game/Interaction/Maps/Level_Interaction_FirstPerson.Level_Interaction_FirstPerson:PersistentLevel.Level_Interaction_FirstPerson' with GeneratedClass '/Game/Interaction/Maps/Level_Interaction_FirstPerson.Level_Interaction_FirstPerson_C' with ClassGeneratedBy '/Game/Interaction/Maps/Level_Interaction_FirstPerson.Level_Interaction_FirstPerson:PersistentLevel.Level_Interaction_FirstPerson'
[2018.03.25-18.59.14:630][  9]LogD3D11RHI: Timed out while waiting for GPU to catch up. (500 ms)
[2018.03.25-20.12.38:130][319]LogTemp: Repeating last play command: Selected Viewport
[2018.03.25-20.12.38:196][319]LogBlueprintUserMessages: Early PlayInEditor Detection: Level '/Game/Interaction/Maps/Level_Interaction_FirstPerson.Level_Interaction_FirstPerson:PersistentLevel' has LevelScriptBlueprint '/Game/Interaction/Maps/Level_Interaction_FirstPerson.Level_Interaction_FirstPerson:PersistentLevel.Level_Interaction_FirstPerson' with GeneratedClass '/Game/Interaction/Maps/Level_Interaction_FirstPerson.Level_Interaction_FirstPerson_C' with ClassGeneratedBy '/Game/Interaction/Maps/Level_Interaction_FirstPerson.Level_Interaction_FirstPerson:PersistentLevel.Level_Interaction_FirstPerson'
[2018.03.25-20.12.38:198][319]LogPlayLevel: PlayLevel: No blueprints needed recompiling
[2018.03.25-20.12.38:201][319]PIE: New page: PIE session: Level_Interaction_FirstPerson (Mar 26, 2018, 2:12:38 AM)
[2018.03.25-20.12.38:203][319]LogPlayLevel: Creating play world package: /Game/Interaction/Maps/UEDPIE_0_Level_Interaction_FirstPerson
[2018.03.25-20.12.38:375][319]LogPlayLevel: PIE: StaticDuplicateObject took: (0.171574s)
[2018.03.25-20.12.38:379][319]LogAIModule: Creating AISystem for world Level_Interaction_FirstPerson
[2018.03.25-20.12.38:381][319]LogPlayLevel: PIE: World Init took: (0.005774s)
[2018.03.25-20.12.38:385][319]LogPlayLevel: PIE: Created PIE world by copying editor world from /Game/Interaction/Maps/Level_Interaction_FirstPerson.Level_Interaction_FirstPerson to /Game/Interaction/Maps/UEDPIE_0_Level_Interaction_FirstPerson.Level_Interaction_FirstPerson (0.182089s)
[2018.03.25-20.12.38:466][319]LogInit: XAudio2 using 'Динамики (Realtek High Definition Audio)' : 2 channels at 48 kHz using 32 bits per sample (channel mask 0x3)
[2018.03.25-20.12.38:478][319]LogInit: FAudioDevice initialized.
[2018.03.25-20.12.38:516][319]LogLoad: Game class is 'Interaction_GameMode_FPS_C'
[2018.03.25-20.12.38:540][319]LogWorld: Bringing World /Game/Interaction/Maps/UEDPIE_0_Level_Interaction_FirstPerson.Level_Interaction_FirstPerson up for play (max tick rate 60) at 2018.03.25-23.12.38
[2018.03.25-20.12.38:542][319]LogWorld: Bringing up level for play took: 0.024777
[2018.03.25-20.12.38:565][319]Cmd: r.Decal.FadeScreenSizeMult 7
[2018.03.25-20.12.38:566][319]r.Decal.FadeScreenSizeMult = "7"
[2018.03.25-20.12.38:577][319]PIE: Play in editor start time for /Game/Interaction/Maps/UEDPIE_0_Level_Interaction_FirstPerson 0.676
[2018.03.25-20.12.38:578][319]LogBlueprintUserMessages: Late PlayInEditor Detection: Level '/Game/Interaction/Maps/Level_Interaction_FirstPerson.Level_Interaction_FirstPerson:PersistentLevel' has LevelScriptBlueprint '/Game/Interaction/Maps/Level_Interaction_FirstPerson.Level_Interaction_FirstPerson:PersistentLevel.Level_Interaction_FirstPerson' with GeneratedClass '/Game/Interaction/Maps/Level_Interaction_FirstPerson.Level_Interaction_FirstPerson_C' with ClassGeneratedBy '/Game/Interaction/Maps/Level_Interaction_FirstPerson.Level_Interaction_FirstPerson:PersistentLevel.Level_Interaction_FirstPerson'
[2018.03.25-20.12.43:758][546]LogScriptCore: Warning: Script Msg: Attempted to access index -1 from array 'InteractionItem_Array' of length 0 in '/Game/Interaction/Blueprints/Pawn/Player/Character_Pawn_FPS.Character_Pawn_FPS_C'!
[2018.03.25-20.13.00:874][281]LogScriptCore: Warning: Script Msg: Attempted to access index -1 from array 'InteractionItem_Array' of length 0 in '/Game/Interaction/Blueprints/Pawn/Player/Character_Pawn_FPS.Character_Pawn_FPS_C'!
[2018.03.25-20.13.01:028][289]LogScriptCore: Warning: Script Msg: Attempted to access index -1 from array 'InteractionItem_Array' of length 0 in '/Game/Interaction/Blueprints/Pawn/Player/Character_Pawn_FPS.Character_Pawn_FPS_C'!
[2018.03.25-20.13.46:302][466]LogScriptCore: Warning: Script Msg: Attempted to access index 4 from array 'TextRenderComponents' of length 4 in '/Game/Interaction/Blueprints/Commentary_Box/Assets/Blueprints/BP_Commentary_Box.BP_Commentary_Box_C'!
[2018.03.25-20.14.08:719][488]LogScriptCore: Warning: Script Msg: Attempted to access index -1 from array 'InteractionItem_Array' of length 0 in '/Game/Interaction/Blueprints/Pawn/Player/Character_Pawn_FPS.Character_Pawn_FPS_C'!
[2018.03.25-20.14.08:719][488]LogScriptCore: Warning: Script Msg: Attempted to access index 0 from array 'InteractionObject_Array' of length 0 in '/Game/Interaction/Blueprints/Pawn/Player/Character_Pawn_FPS.Character_Pawn_FPS_C'!
[2018.03.25-20.14.08:995][501]LogScriptCore: Warning: Script Msg: Attempted to access index -1 from array 'InteractionItem_Array' of length 0 in '/Game/Interaction/Blueprints/Pawn/Player/Character_Pawn_FPS.Character_Pawn_FPS_C'!
[2018.03.25-20.14.08:995][501]LogScriptCore: Warning: Script Msg: Attempted to access index 0 from array 'InteractionObject_Array' of length 0 in '/Game/Interaction/Blueprints/Pawn/Player/Character_Pawn_FPS.Character_Pawn_FPS_C'!
[2018.03.25-20.14.09:230][512]LogScriptCore: Warning: Script Msg: Attempted to access index -1 from array 'InteractionItem_Array' of length 0 in '/Game/Interaction/Blueprints/Pawn/Player/Character_Pawn_FPS.Character_Pawn_FPS_C'!
[2018.03.25-20.14.09:230][512]LogScriptCore: Warning: Script Msg: Attempted to access index 0 from array 'InteractionObject_Array' of length 0 in '/Game/Interaction/Blueprints/Pawn/Player/Character_Pawn_FPS.Character_Pawn_FPS_C'!
[2018.03.25-20.14.09:528][526]LogScriptCore: Warning: Script Msg: Attempted to access index -1 from array 'InteractionItem_Array' of length 0 in '/Game/Interaction/Blueprints/Pawn/Player/Character_Pawn_FPS.Character_Pawn_FPS_C'!
[2018.03.25-20.14.09:528][526]LogScriptCore: Warning: Script Msg: Attempted to access index 0 from array 'InteractionObject_Array' of length 0 in '/Game/Interaction/Blueprints/Pawn/Player/Character_Pawn_FPS.Character_Pawn_FPS_C'!
[2018.03.25-20.14.09:797][539]LogScriptCore: Warning: Script Msg: Attempted to access index -1 from array 'InteractionItem_Array' of length 0 in '/Game/Interaction/Blueprints/Pawn/Player/Character_Pawn_FPS.Character_Pawn_FPS_C'!
[2018.03.25-20.14.09:797][539]LogScriptCore: Warning: Script Msg: Attempted to access index 0 from array 'InteractionObject_Array' of length 0 in '/Game/Interaction/Blueprints/Pawn/Player/Character_Pawn_FPS.Character_Pawn_FPS_C'!
[2018.03.25-20.14.56:608][845]LogScriptCore: Warning: Script Msg: Attempted to access index 0 from array 'TextRenderComponents' of length 0 in '/Game/Interaction/Blueprints/Commentary_Box/Assets/Blueprints/BP_Commentary_Box.BP_Commentary_Box_C'!
[2018.03.25-20.14.56:608][845]LogScriptCore: Warning: Script Msg: Attempted to access index 1 from array 'TextRenderComponents' of length 0 in '/Game/Interaction/Blueprints/Commentary_Box/Assets/Blueprints/BP_Commentary_Box.BP_Commentary_Box_C'!
[2018.03.25-20.14.56:608][845]LogScriptCore: Warning: Script Msg: Attempted to access index 2 from array 'TextRenderComponents' of length 0 in '/Game/Interaction/Blueprints/Commentary_Box/Assets/Blueprints/BP_Commentary_Box.BP_Commentary_Box_C'!
[2018.03.25-20.14.56:608][845]LogScriptCore: Warning: Script Msg: Attempted to access index 3 from array 'TextRenderComponents' of length 0 in '/Game/Interaction/Blueprints/Commentary_Box/Assets/Blueprints/BP_Commentary_Box.BP_Commentary_Box_C'!
[2018.03.25-20.14.56:955][861]LogScriptCore: Warning: Script Msg: Attempted to access index -1 from array 'InteractionItem_Array' of length 0 in '/Game/Interaction/Blueprints/Pawn/Player/Character_Pawn_FPS.Character_Pawn_FPS_C'!
[2018.03.25-20.14.56:955][861]LogScriptCore: Warning: Script Msg: Attempted to access index 0 from array 'InteractionObject_Array' of length 0 in '/Game/Interaction/Blueprints/Pawn/Player/Character_Pawn_FPS.Character_Pawn_FPS_C'!
[2018.03.25-20.14.57:756][898]LogScriptCore: Warning: Script Msg: Attempted to access index 4 from array 'TextRenderComponents' of length 4 in '/Game/Interaction/Blueprints/Commentary_Box/Assets/Blueprints/BP_Commentary_Box.BP_Commentary_Box_C'!
[2018.03.25-20.15.15:871][698]LogScriptCore: Warning: Script Msg: Attempted to access index -1 from array 'InteractionItem_Array' of length 0 in '/Game/Interaction/Blueprints/Pawn/Player/Character_Pawn_FPS.Character_Pawn_FPS_C'!
[2018.03.25-20.15.15:871][698]LogScriptCore: Warning: Script Msg: Attempted to access index 0 from array 'InteractionObject_Array' of length 0 in '/Game/Interaction/Blueprints/Pawn/Player/Character_Pawn_FPS.Character_Pawn_FPS_C'!
[2018.03.25-20.15.16:099][708]LogScriptCore: Warning: Script Msg: Attempted to access index -1 from array 'InteractionItem_Array' of length 0 in '/Game/Interaction/Blueprints/Pawn/Player/Character_Pawn_FPS.Character_Pawn_FPS_C'!
[2018.03.25-20.15.16:099][708]LogScriptCore: Warning: Script Msg: Attempted to access index 0 from array 'InteractionObject_Array' of length 0 in '/Game/Interaction/Blueprints/Pawn/Player/Character_Pawn_FPS.Character_Pawn_FPS_C'!
[2018.03.25-20.15.16:412][722]LogScriptCore: Warning: Script Msg: Attempted to access index -1 from array 'InteractionItem_Array' of length 0 in '/Game/Interaction/Blueprints/Pawn/Player/Character_Pawn_FPS.Character_Pawn_FPS_C'!
[2018.03.25-20.15.16:412][722]LogScriptCore: Warning: Script Msg: Attempted to access index 0 from array 'InteractionObject_Array' of length 0 in '/Game/Interaction/Blueprints/Pawn/Player/Character_Pawn_FPS.Character_Pawn_FPS_C'!
[2018.03.25-20.15.20:698][912]LogScriptCore: Warning: Script Msg: Attempted to access index 4 from array 'TextRenderComponents' of length 4 in '/Game/Interaction/Blueprints/Commentary_Box/Assets/Blueprints/BP_Commentary_Box.BP_Commentary_Box_C'!
[2018.03.25-20.27.34:745][161]LogWindowsTextInputMethodSystem: Display: IME system now deactivated.
[2018.03.25-20.28.13:966][272]LogWindowsTextInputMethodSystem: Display: IME system now deactivated.
[2018.03.25-20.28.13:966][272]LogWindowsTextInputMethodSystem: Display: IME system now deactivated.
[2018.03.25-20.28.15:696][341]Cmd: LevelEditor.ToggleImmersive
[2018.03.25-20.28.17:157][418]LogBlueprintUserMessages: Early EndPlayMap Detection: Level '/Game/Interaction/Maps/Level_Interaction_FirstPerson.Level_Interaction_FirstPerson:PersistentLevel' has LevelScriptBlueprint '/Game/Interaction/Maps/Level_Interaction_FirstPerson.Level_Interaction_FirstPerson:PersistentLevel.Level_Interaction_FirstPerson' with GeneratedClass '/Game/Interaction/Maps/Level_Interaction_FirstPerson.Level_Interaction_FirstPerson_C' with ClassGeneratedBy '/Game/Interaction/Maps/Level_Interaction_FirstPerson.Level_Interaction_FirstPerson:PersistentLevel.Level_Interaction_FirstPerson'
[2018.03.25-20.28.17:227][418]LogBlueprintUserMessages: Late EndPlayMap Detection: Level '/Game/Interaction/Maps/Level_Interaction_FirstPerson.Level_Interaction_FirstPerson:PersistentLevel' has LevelScriptBlueprint '/Game/Interaction/Maps/Level_Interaction_FirstPerson.Level_Interaction_FirstPerson:PersistentLevel.Level_Interaction_FirstPerson' with GeneratedClass '/Game/Interaction/Maps/Level_Interaction_FirstPerson.Level_Interaction_FirstPerson_C' with ClassGeneratedBy '/Game/Interaction/Maps/Level_Interaction_FirstPerson.Level_Interaction_FirstPerson:PersistentLevel.Level_Interaction_FirstPerson'
[2018.03.25-20.28.18:049][451]LogWindowsTextInputMethodSystem: Display: IME system now deactivated.
[2018.03.25-20.28.18:049][451]LogWindowsTextInputMethodSystem: Display: IME system now deactivated.
[2018.03.25-20.28.18:298][452]Cmd: QUIT_EDITOR
[2018.03.25-20.28.18:603][452]LogExit: Preparing to exit.
[2018.03.25-20.28.19:539][452]LogDirectoryWatcher: A directory notification for 'C:/Users/User/Downloads/CarTest_-_Advanced_Vehicle_Kit/CharacterInteraction_418/CharacterInteraction/Content/' was aborted.
[2018.03.25-20.28.19:841][452]LogExit: Editor shut down
[2018.03.25-20.28.19:877][452]LogExit: Transaction tracking system shut down
[2018.03.25-20.28.20:196][452]LogDirectoryWatcher: A directory notification for '../../../Engine/Content/' was aborted.
[2018.03.25-20.28.20:196][452]LogDirectoryWatcher: A directory notification for '../../../../../../Users/User/Downloads/CarTest_-_Advanced_Vehicle_Kit/CharacterInteraction_418/CharacterInteraction/Content/' was aborted.
[2018.03.25-20.28.20:196][452]LogDirectoryWatcher: A directory notification for '../../../Engine/Plugins/2D/Paper2D/Content/' was aborted.
[2018.03.25-20.28.20:196][452]LogDirectoryWatcher: A directory notification for '../../../Engine/Plugins/Media/MediaCompositing/Content/' was aborted.
[2018.03.25-20.28.20:196][452]LogDirectoryWatcher: A directory notification for '../../../Engine/Plugins/Runtime/AppleARKit/Content/' was aborted.
[2018.03.25-20.28.20:196][452]LogDirectoryWatcher: A directory notification for '../../../Engine/Plugins/Runtime/Oculus/OculusVR/Content/' was aborted.
[2018.03.25-20.28.20:197][452]LogDirectoryWatcher: A directory notification for '../../../Engine/Plugins/Runtime/Steam/SteamVR/Content/' was aborted.
[2018.03.25-20.28.20:485][452]LogExit: Object subsystem successfully closed.
[2018.03.25-20.28.20:532][452]LogD3D11RHI: Shutdown
[2018.03.25-20.28.20:532][452]LogD3D11RHI: CleanupD3DDevice
[2018.03.25-20.28.20:541][452]LogD3D11RHI: ~FD3D11DynamicRHI
[2018.03.25-20.28.20:591][452]LogModuleManager: Shutting down and abandoning module MovieSceneCapture (550)
[2018.03.25-20.28.20:591][452]LogModuleManager: Shutting down and abandoning module HierarchicalLODOutliner (548)
[2018.03.25-20.28.20:591][452]LogModuleManager: Shutting down and abandoning module SceneOutliner (546)
[2018.03.25-20.28.20:591][452]LogModuleManager: Shutting down and abandoning module AddContentDialog (544)
[2018.03.25-20.28.20:591][452]LogDirectoryWatcher: A directory notification for 'C:/Program Files/Epic Games/UE_4.18/FeaturePacks/' was aborted.
[2018.03.25-20.28.20:598][452]LogModuleManager: Shutting down and abandoning module WidgetCarousel (543)
[2018.03.25-20.28.20:598][452]LogModuleManager: Shutting down and abandoning module EditorWidgets (540)
[2018.03.25-20.28.20:598][452]LogModuleManager: Shutting down and abandoning module CollectionManager (538)
[2018.03.25-20.28.20:598][452]LogDirectoryWatcher: A directory notification for 'C:/Users/User/Downloads/CarTest_-_Advanced_Vehicle_Kit/CharacterInteraction_418/CharacterInteraction/Content/Collections/' was aborted.
[2018.03.25-20.28.20:598][452]LogDirectoryWatcher: A directory notification for 'C:/Users/User/Downloads/CarTest_-_Advanced_Vehicle_Kit/CharacterInteraction_418/CharacterInteraction/Content/Developers/User/Collections/' was aborted.
[2018.03.25-20.28.20:599][452]LogDirectoryWatcher: A directory notification for 'C:/Users/User/Downloads/CarTest_-_Advanced_Vehicle_Kit/CharacterInteraction_418/CharacterInteraction/Saved/Collections/' was aborted.
[2018.03.25-20.28.20:599][452]LogModuleManager: Shutting down and abandoning module StatsViewer (536)
[2018.03.25-20.28.20:599][452]LogModuleManager: Shutting down and abandoning module FoliageEdit (534)
[2018.03.25-20.28.20:599][452]LogModuleManager: Shutting down and abandoning module LandscapeEditor (532)
[2018.03.25-20.28.20:601][452]LogModuleManager: Shutting down and abandoning module MeshPaintMode (530)
[2018.03.25-20.28.20:601][452]LogModuleManager: Shutting down and abandoning module SceneDepthPickerMode (528)
[2018.03.25-20.28.20:601][452]LogModuleManager: Shutting down and abandoning module ActorPickerMode (526)
[2018.03.25-20.28.20:601][452]LogModuleManager: Shutting down and abandoning module GeometryMode (524)
[2018.03.25-20.28.20:601][452]LogModuleManager: Shutting down and abandoning module TextureAlignMode (522)
[2018.03.25-20.28.20:601][452]LogModuleManager: Shutting down and abandoning module BspMode (520)
[2018.03.25-20.28.20:601][452]LogModuleManager: Shutting down and abandoning module PIEPreviewDeviceProfileSelector (518)
[2018.03.25-20.28.20:601][452]LogModuleManager: Shutting down and abandoning module HardwareSurvey (516)
[2018.03.25-20.28.20:601][452]LogModuleManager: Shutting down and abandoning module SequenceRecorderSections (514)
[2018.03.25-20.28.20:601][452]LogModuleManager: Shutting down and abandoning module AutomationWorker (512)
[2018.03.25-20.28.20:602][452]LogModuleManager: Shutting down and abandoning module MatineeToLevelSequence (510)
[2018.03.25-20.28.20:602][452]LogModuleManager: Shutting down and abandoning module LevelSequenceEditor (508)
[2018.03.25-20.28.20:604][452]LogModuleManager: Shutting down and abandoning module PlacementMode (507)
[2018.03.25-20.28.20:604][452]LogModuleManager: Shutting down and abandoning module WmfMediaFactory (504)
[2018.03.25-20.28.20:604][452]LogModuleManager: Shutting down and abandoning module WmfMediaEditor (502)
[2018.03.25-20.28.20:604][452]LogModuleManager: Shutting down and abandoning module OpenExrWrapper (500)
[2018.03.25-20.28.20:604][452]LogModuleManager: Shutting down and abandoning module ImgMediaFactory (498)
[2018.03.25-20.28.20:604][452]LogModuleManager: Shutting down and abandoning module ImgMediaEditor (496)
[2018.03.25-20.28.20:604][452]LogModuleManager: Shutting down and abandoning module AvfMediaFactory (494)
[2018.03.25-20.28.20:604][452]LogModuleManager: Shutting down and abandoning module AvfMediaEditor (492)
[2018.03.25-20.28.20:604][452]LogModuleManager: Shutting down and abandoning module AndroidMediaFactory (490)
[2018.03.25-20.28.20:604][452]LogModuleManager: Shutting down and abandoning module AndroidMediaEditor (488)
[2018.03.25-20.28.20:604][452]LogModuleManager: Shutting down and abandoning module CharacterAI (486)
[2018.03.25-20.28.20:604][452]LogModuleManager: Shutting down and abandoning module AudioCapture (484)
[2018.03.25-20.28.20:605][452]LogModuleManager: Shutting down and abandoning module SequenceRecorder (483)
[2018.03.25-20.28.20:605][452]LogModuleManager: Shutting down and abandoning module SmartSnapping (480)
[2018.03.25-20.28.20:605][452]LogModuleManager: Shutting down and abandoning module SessionServices (478)
[2018.03.25-20.28.20:605][452]LogModuleManager: Shutting down and abandoning module ViewportSnapping (476)
[2018.03.25-20.28.20:605][452]LogModuleManager: Shutting down and abandoning module ViewportInteraction (474)
[2018.03.25-20.28.20:605][452]LogModuleManager: Shutting down and abandoning module ClothPainter (472)
[2018.03.25-20.28.20:605][452]LogModuleManager: Shutting down and abandoning module SkeletalMeshEditor (471)
[2018.03.25-20.28.20:606][452]LogModuleManager: Shutting down and abandoning module LogVisualizer (468)
[2018.03.25-20.28.20:607][452]LogModuleManager: Shutting down and abandoning module IntroTutorials (466)
[2018.03.25-20.28.20:607][452]LogModuleManager: Shutting down and abandoning module GameProjectGeneration (465)
[2018.03.25-20.28.20:608][452]LogModuleManager: Shutting down and abandoning module IOSPlatformEditor (462)
[2018.03.25-20.28.20:608][452]LogModuleManager: Shutting down and abandoning module HTML5PlatformEditor (460)
[2018.03.25-20.28.20:608][452]LogModuleManager: Shutting down and abandoning module AndroidPlatformEditor (458)
[2018.03.25-20.28.20:608][452]LogModuleManager: Shutting down and abandoning module AndroidDeviceDetection (457)
[2018.03.25-20.28.21:431][452]LogModuleManager: Shutting down and abandoning module WindowsPlatformEditor (454)
[2018.03.25-20.28.21:431][452]LogModuleManager: Shutting down and abandoning module IOSRuntimeSettings (452)
[2018.03.25-20.28.21:431][452]LogModuleManager: Shutting down and abandoning module AndroidRuntimeSettings (450)
[2018.03.25-20.28.21:431][452]LogModuleManager: Shutting down and abandoning module InputBindingEditor (448)
[2018.03.25-20.28.21:433][452]LogModuleManager: Shutting down and abandoning module MergeActors (446)
[2018.03.25-20.28.21:433][452]LogModuleManager: Shutting down and abandoning module SizeMap (444)
[2018.03.25-20.28.21:433][452]LogModuleManager: Shutting down and abandoning module TreeMap (442)
[2018.03.25-20.28.21:434][452]LogModuleManager: Shutting down and abandoning module ReferenceViewer (440)
[2018.03.25-20.28.21:434][452]LogModuleManager: Shutting down and abandoning module LocalizationDashboard (438)
[2018.03.25-20.28.21:435][452]LogModuleManager: Shutting down and abandoning module LocalizationService (437)
[2018.03.25-20.28.21:435][452]LogModuleManager: Shutting down and abandoning module HardwareTargeting (434)
[2018.03.25-20.28.21:435][452]LogModuleManager: Shutting down and abandoning module DeviceProfileEditor (432)
[2018.03.25-20.28.21:435][452]LogModuleManager: Shutting down and abandoning module UndoHistory (430)
[2018.03.25-20.28.21:436][452]LogModuleManager: Shutting down and abandoning module XmlParser (428)
[2018.03.25-20.28.21:436][452]LogModuleManager: Shutting down and abandoning module Blutility (426)
[2018.03.25-20.28.21:436][452]LogModuleManager: Shutting down and abandoning module ProjectSettingsViewer (424)
[2018.03.25-20.28.21:436][452]LogModuleManager: Shutting down and abandoning module ProjectTargetPlatformEditor (423)
[2018.03.25-20.28.21:436][452]LogModuleManager: Shutting down and abandoning module EditorSettingsViewer (420)
[2018.03.25-20.28.21:436][452]LogModuleManager: Shutting down and abandoning module SettingsEditor (418)
[2018.03.25-20.28.21:437][452]LogModuleManager: Shutting down and abandoning module ProjectLauncher (416)
[2018.03.25-20.28.21:438][452]LogModuleManager: Shutting down and abandoning module SessionFrontend (414)
[2018.03.25-20.28.21:439][452]LogModuleManager: Shutting down and abandoning module ProfilerClient (412)
[2018.03.25-20.28.21:439][452]LogModuleManager: Shutting down and abandoning module DeviceManager (410)
[2018.03.25-20.28.21:439][452]LogModuleManager: Shutting down and abandoning module TargetDeviceServices (409)
[2018.03.25-20.28.21:493][452]LogModuleManager: Shutting down and abandoning module AutomationController (406)
[2018.03.25-20.28.21:495][452]LogModuleManager: Shutting down and abandoning module AutomationWindow (404)
[2018.03.25-20.28.21:497][452]LogModuleManager: Shutting down and abandoning module Layers (402)
[2018.03.25-20.28.21:499][452]LogModuleManager: Shutting down and abandoning module ComponentVisualizers (400)
[2018.03.25-20.28.21:499][452]LogModuleManager: Shutting down and abandoning module DetailCustomizations (398)
[2018.03.25-20.28.21:500][452]LogModuleManager: Shutting down and abandoning module PackagesDialog (396)
[2018.03.25-20.28.21:500][452]LogModuleManager: Shutting down and abandoning module Persona (394)
[2018.03.25-20.28.21:501][452]LogModuleManager: Shutting down and abandoning module AdvancedPreviewScene (393)
[2018.03.25-20.28.21:501][452]LogModuleManager: Shutting down and abandoning module AnimGraph (391)
[2018.03.25-20.28.21:501][452]LogModuleManager: Shutting down and abandoning module Kismet (388)
[2018.03.25-20.28.21:514][452]LogModuleManager: Shutting down and abandoning module ClassViewer (386)
[2018.03.25-20.28.21:514][452]LogModuleManager: Shutting down and abandoning module Toolbox (384)
[2018.03.25-20.28.21:514][452]LogModuleManager: Shutting down and abandoning module ModuleUI (382)
[2018.03.25-20.28.21:514][452]LogModuleManager: Shutting down and abandoning module MovieSceneTools (380)
[2018.03.25-20.28.21:515][452]LogModuleManager: Shutting down and abandoning module OutputLog (378)
[2018.03.25-20.28.21:516][452]LogModuleManager: Shutting down and abandoning module GammaUI (376)
[2018.03.25-20.28.21:516][452]LogModuleManager: Shutting down and abandoning module Documentation (374)
[2018.03.25-20.28.21:516][452]LogModuleManager: Shutting down and abandoning module MovieSceneTracks (372)
[2018.03.25-20.28.21:516][452]LogModuleManager: Shutting down and abandoning module MovieScene (370)
[2018.03.25-20.28.21:516][452]LogModuleManager: Shutting down and abandoning module StreamingPauseRendering (368)
[2018.03.25-20.28.21:516][452]LogModuleManager: Shutting down and abandoning module LauncherPlatform (366)
[2018.03.25-20.28.21:516][452]LogModuleManager: Shutting down and abandoning module AnalyticsET (364)
[2018.03.25-20.28.21:516][452]LogModuleManager: Shutting down and abandoning module PortalServices (362)
[2018.03.25-20.28.21:516][452]LogModuleManager: Shutting down and abandoning module PortalRpc (360)
[2018.03.25-20.28.21:516][452]LogModuleManager: Shutting down and abandoning module MessagingRpc (358)
[2018.03.25-20.28.21:516][452]LogModuleManager: Shutting down and abandoning module AIModule (356)
[2018.03.25-20.28.21:517][452]LogModuleManager: Shutting down and abandoning module GameplayDebugger (355)
[2018.03.25-20.28.21:517][452]LogModuleManager: Shutting down and abandoning module AITestSuite (353)
[2018.03.25-20.28.21:517][452]LogModuleManager: Shutting down and abandoning module DesktopPlatform (350)
[2018.03.25-20.28.21:518][452]LogModuleManager: Shutting down and abandoning module ProfilerService (348)
[2018.03.25-20.28.21:553][452]LogModuleManager: Shutting down and abandoning module TaskGraph (346)
[2018.03.25-20.28.21:554][452]LogModuleManager: Shutting down and abandoning module SteamVRController (344)
[2018.03.25-20.28.21:554][452]LogModuleManager: Shutting down and abandoning module ProceduralMeshComponentEditor (342)
[2018.03.25-20.28.21:555][452]LogModuleManager: Shutting down and abandoning module ProceduralMeshComponent (340)
[2018.03.25-20.28.21:555][452]LogModuleManager: Shutting down and abandoning module OculusInput (338)
[2018.03.25-20.28.21:555][452]LogModuleManager: Shutting down and abandoning module MobilePatchingUtils (336)
[2018.03.25-20.28.21:555][452]LogModuleManager: Shutting down and abandoning module CustomMeshComponent (334)
[2018.03.25-20.28.21:555][452]LogModuleManager: Shutting down and abandoning module CableComponent (332)
[2018.03.25-20.28.21:555][452]LogModuleManager: Shutting down and abandoning module ArchVisCharacter (330)
[2018.03.25-20.28.21:555][452]LogModuleManager: Shutting down and abandoning module AndroidPermission (328)
[2018.03.25-20.28.21:555][452]LogModuleManager: Shutting down and abandoning module ActorSequence (324)
[2018.03.25-20.28.21:555][452]LogModuleManager: Shutting down and abandoning module MediaPlayerEditor (322)
[2018.03.25-20.28.21:558][452]LogModuleManager: Shutting down and abandoning module MediaCompositingEditor (320)
[2018.03.25-20.28.21:558][452]LogModuleManager: Shutting down and abandoning module MediaCompositing (318)
[2018.03.25-20.28.21:558][452]LogModuleManager: Shutting down and abandoning module HTML5Networking (316)
[2018.03.25-20.28.21:558][452]LogModuleManager: Shutting down and abandoning module AlembicImporter (314)
[2018.03.25-20.28.21:558][452]LogModuleManager: Shutting down and abandoning module AlembicLibrary (313)
[2018.03.25-20.28.21:559][452]LogModuleManager: Shutting down and abandoning module GeometryCache (312)
[2018.03.25-20.28.21:559][452]LogModuleManager: Shutting down and abandoning module GeometryCacheEd (311)
[2018.03.25-20.28.21:559][452]LogModuleManager: Shutting down and abandoning module SpeedTreeImporter (306)
[2018.03.25-20.28.21:559][452]LogModuleManager: Shutting down and abandoning module PluginBrowser (304)
[2018.03.25-20.28.21:560][452]LogModuleManager: Shutting down and abandoning module MobileLauncherProfileWizard (302)
[2018.03.25-20.28.21:561][452]LogModuleManager: Shutting down and abandoning module VisualStudioSourceCodeAccess (300)
[2018.03.25-20.28.21:561][452]LogModuleManager: Shutting down and abandoning module VisualStudioCodeSourceCodeAccess (298)
[2018.03.25-20.28.21:561][452]LogModuleManager: Shutting down and abandoning module UObjectPlugin (296)
[2018.03.25-20.28.21:561][452]LogModuleManager: Shutting down and abandoning module SubversionSourceControl (294)
[2018.03.25-20.28.21:562][452]LogModuleManager: Shutting down and abandoning module PerforceSourceControl (292)
[2018.03.25-20.28.21:563][452]LogModuleManager: Shutting down and abandoning module GitSourceControl (290)
[2018.03.25-20.28.21:564][452]LogModuleManager: Shutting down and abandoning module SourceControl (289)
[2018.03.25-20.28.21:565][452]LogModuleManager: Shutting down and abandoning module LightPropagationVolumeEditor (286)
[2018.03.25-20.28.21:565][452]LogModuleManager: Shutting down and abandoning module PaperTiledImporter (284)
[2018.03.25-20.28.21:565][452]LogModuleManager: Shutting down and abandoning module PaperSpriteSheetImporter (282)
[2018.03.25-20.28.21:565][452]LogModuleManager: Shutting down and abandoning module Paper2DEditor (280)
[2018.03.25-20.28.21:566][452]LogModuleManager: Shutting down and abandoning module MeshPaint (279)
[2018.03.25-20.28.21:566][452]LogModuleManager: Shutting down and abandoning module LevelEditor (277)
[2018.03.25-20.28.21:570][452]LogModuleManager: Shutting down and abandoning module PixelInspectorModule (276)
[2018.03.25-20.28.21:570][452]LogModuleManager: Shutting down and abandoning module MainFrame (274)
[2018.03.25-20.28.21:570][452]LogModuleManager: Shutting down and abandoning module HotReload (273)
[2018.03.25-20.28.21:571][452]LogModuleManager: Shutting down and abandoning module RuntimePhysXCooking (268)
[2018.03.25-20.28.21:571][452]LogModuleManager: Shutting down and abandoning module PhysXVehiclesEditor (266)
[2018.03.25-20.28.21:572][452]LogModuleManager: Shutting down and abandoning module PhysXVehicles (264)
[2018.03.25-20.28.21:572][452]LogModuleManager: Shutting down and abandoning module OculusEditor (262)
[2018.03.25-20.28.21:572][452]LogModuleManager: Shutting down and abandoning module LocationServicesBPLibrary (260)
[2018.03.25-20.28.21:572][452]LogModuleManager: Shutting down and abandoning module ImmediatePhysicsEditor (258)
[2018.03.25-20.28.21:572][452]LogModuleManager: Shutting down and abandoning module ImmediatePhysics (256)
[2018.03.25-20.28.21:572][452]LogModuleManager: Shutting down and abandoning module UdpMessaging (254)
[2018.03.25-20.28.21:673][452]LogModuleManager: Shutting down and abandoning module TcpMessaging (252)
[2018.03.25-20.28.21:775][452]LogModuleManager: Shutting down and abandoning module GameplayTagsEditor (250)
[2018.03.25-20.28.21:777][452]LogModuleManager: Shutting down and abandoning module FacialAnimationEditor (248)
[2018.03.25-20.28.21:777][452]LogModuleManager: Shutting down and abandoning module FacialAnimation (246)
[2018.03.25-20.28.21:777][452]LogModuleManager: Shutting down and abandoning module AssetManagerEditor (244)
[2018.03.25-20.28.21:777][452]LogModuleManager: Shutting down and abandoning module GraphEditor (243)
[2018.03.25-20.28.21:779][452]LogModuleManager: Shutting down and abandoning module ContentBrowser (241)
[2018.03.25-20.28.21:781][452]LogModuleManager: Shutting down and abandoning module LightPropagationVolumeRuntime (238)
[2018.03.25-20.28.21:781][452]LogModuleManager: Shutting down and abandoning module Paper2D (236)
[2018.03.25-20.28.21:781][452]LogModuleManager: Shutting down and abandoning module WindowsMoviePlayer (234)
[2018.03.25-20.28.21:781][452]LogModuleManager: Shutting down and abandoning module WmfMedia (232)
[2018.03.25-20.28.21:783][452]LogModuleManager: Shutting down and abandoning module ImgMedia (230)
[2018.03.25-20.28.21:783][452]LogModuleManager: Shutting down and abandoning module PacketHandler (228)
[2018.03.25-20.28.21:783][452]LogModuleManager: Shutting down and abandoning module ClothingSystemEditor (226)
[2018.03.25-20.28.21:783][452]LogModuleManager: Shutting down and abandoning module ClothingSystemRuntime (224)
[2018.03.25-20.28.21:784][452]LogModuleManager: Shutting down and abandoning module MediaAssets (222)
[2018.03.25-20.28.21:784][452]LogModuleManager: Shutting down and abandoning module Media (221)
[2018.03.25-20.28.21:790][452]LogModuleManager: Shutting down and abandoning module Overlay (218)
[2018.03.25-20.28.21:790][452]LogModuleManager: Shutting down and abandoning module OverlayEditor (217)
[2018.03.25-20.28.21:790][452]LogModuleManager: Shutting down and abandoning module VREditor (214)
[2018.03.25-20.28.21:791][452]LogModuleManager: Shutting down and abandoning module StringTableEditor (212)
[2018.03.25-20.28.21:792][452]LogModuleManager: Shutting down and abandoning module GameplayTasksEditor (210)
[2018.03.25-20.28.21:792][452]LogModuleManager: Shutting down and abandoning module BehaviorTreeEditor (208)
[2018.03.25-20.28.21:793][452]LogModuleManager: Shutting down and abandoning module FunctionalTesting (206)
[2018.03.25-20.28.21:793][452]LogModuleManager: Shutting down and abandoning module CollisionAnalyzer (204)
[2018.03.25-20.28.21:794][452]LogModuleManager: Shutting down and abandoning module WorkspaceMenuStructure (203)
[2018.03.25-20.28.21:794][452]LogModuleManager: Shutting down and abandoning module UMG (200)
[2018.03.25-20.28.21:794][452]LogModuleManager: Shutting down and abandoning module UMGEditor (199)
[2018.03.25-20.28.21:796][452]LogModuleManager: Shutting down and abandoning module Sequencer (198)
[2018.03.25-20.28.21:798][452]LogModuleManager: Shutting down and abandoning module MessageLog (195)
[2018.03.25-20.28.21:798][452]LogModuleManager: Shutting down and abandoning module SlateReflector (190)
[2018.03.25-20.28.21:800][452]LogModuleManager: Shutting down and abandoning module Slate (188)
[2018.03.25-20.28.21:800][452]LogModuleManager: Shutting down and abandoning module EditorStyle (186)
[2018.03.25-20.28.21:803][452]LogModuleManager: Shutting down and abandoning module MRMesh (184)
[2018.03.25-20.28.21:803][452]LogModuleManager: Shutting down and abandoning module SourceCodeAccess (182)
[2018.03.25-20.28.21:803][452]LogModuleManager: Shutting down and abandoning module HeadMountedDisplay (180)
[2018.03.25-20.28.21:804][452]LogModuleManager: Shutting down and abandoning module XAudio2 (178)
[2018.03.25-20.28.21:804][452]LogModuleManager: Shutting down and abandoning module Networking (176)
[2018.03.25-20.28.21:804][452]LogModuleManager: Shutting down and abandoning module Core (172)
[2018.03.25-20.28.21:804][452]LogModuleManager: Shutting down and abandoning module LevelSequence (168)
[2018.03.25-20.28.21:804][452]LogModuleManager: Shutting down and abandoning module DirectoryWatcher (166)
[2018.03.25-20.28.21:813][452]LogModuleManager: Shutting down and abandoning module KismetCompiler (164)
[2018.03.25-20.28.21:813][452]LogModuleManager: Shutting down and abandoning module MeshUtilities (162)
[2018.03.25-20.28.21:814][452]LogModuleManager: Shutting down and abandoning module MeshMergeUtilities (161)
[2018.03.25-20.28.21:814][452]LogModuleManager: Shutting down and abandoning module MeshReductionInterface (160)
[2018.03.25-20.28.21:814][452]LogModuleManager: Shutting down and abandoning module SimplygonSwarm (159)
[2018.03.25-20.28.21:815][452]LogModuleManager: Shutting down and abandoning module SimplygonMeshReduction (157)
[2018.03.25-20.28.21:815][452]LogModuleManager: Shutting down and abandoning module QuadricMeshReduction (155)
[2018.03.25-20.28.21:815][452]LogModuleManager: Shutting down and abandoning module MaterialBaking (151)
[2018.03.25-20.28.21:815][452]LogModuleManager: Shutting down and abandoning module DerivedDataCache (148)
[2018.03.25-20.28.21:901][452]LogDerivedDataCache: Shutdown
[2018.03.25-20.28.21:901][452]LogModuleManager: Shutting down and abandoning module TargetPlatform (146)
[2018.03.25-20.28.21:901][452]LogModuleManager: Shutting down and abandoning module VulkanShaderFormat (145)
[2018.03.25-20.28.21:901][452]LogModuleManager: Shutting down and abandoning module ShaderFormatVectorVM (143)
[2018.03.25-20.28.21:901][452]LogModuleManager: Shutting down and abandoning module ShaderFormatOpenGL (141)
[2018.03.25-20.28.21:902][452]LogModuleManager: Shutting down and abandoning module ShaderFormatD3D (139)
[2018.03.25-20.28.21:902][452]LogModuleManager: Shutting down and abandoning module MetalShaderFormat (137)
[2018.03.25-20.28.21:903][452]LogModuleManager: Shutting down and abandoning module TextureFormatUncompressed (135)
[2018.03.25-20.28.21:903][452]LogModuleManager: Shutting down and abandoning module TextureFormatPVR (133)
[2018.03.25-20.28.21:903][452]LogModuleManager: Shutting down and abandoning module TextureFormatDXT (131)
[2018.03.25-20.28.21:903][452]LogModuleManager: Shutting down and abandoning module TextureFormatIntelISPCTexComp (129)
[2018.03.25-20.28.21:903][452]LogModuleManager: Shutting down and abandoning module TextureFormatASTC (127)
[2018.03.25-20.28.21:903][452]LogModuleManager: Shutting down and abandoning module ImageWrapper (126)
[2018.03.25-20.28.21:903][452]LogModuleManager: Shutting down and abandoning module TextureFormatAndroid (123)
[2018.03.25-20.28.21:903][452]LogModuleManager: Shutting down and abandoning module AudioFormatOpus (121)
[2018.03.25-20.28.21:903][452]LogModuleManager: Shutting down and abandoning module AudioFormatOgg (119)
[2018.03.25-20.28.21:903][452]LogModuleManager: Shutting down and abandoning module AudioFormatADPCM (117)
[2018.03.25-20.28.21:904][452]LogModuleManager: Shutting down and abandoning module LinuxTargetPlatform (115)
[2018.03.25-20.28.21:904][452]LogModuleManager: Shutting down and abandoning module LinuxServerTargetPlatform (113)
[2018.03.25-20.28.21:904][452]LogModuleManager: Shutting down and abandoning module LinuxNoEditorTargetPlatform (111)
[2018.03.25-20.28.21:904][452]LogModuleManager: Shutting down and abandoning module LinuxClientTargetPlatform (109)
[2018.03.25-20.28.21:904][452]LogModuleManager: Shutting down and abandoning module TVOSTargetPlatform (107)
[2018.03.25-20.28.21:904][452]LogModuleManager: Shutting down and abandoning module Messaging (105)
[2018.03.25-20.28.21:904][452]LogModuleManager: Shutting down and abandoning module IOSTargetPlatform (103)
[2018.03.25-20.28.21:904][452]LogModuleManager: Shutting down and abandoning module HTML5TargetPlatform (101)
[2018.03.25-20.28.21:904][452]LogModuleManager: Shutting down and abandoning module AndroidTargetPlatform (99)
[2018.03.25-20.28.21:904][452]LogModuleManager: Shutting down and abandoning module Android_PVRTCTargetPlatform (97)
[2018.03.25-20.28.21:904][452]LogModuleManager: Shutting down and abandoning module Android_MultiTargetPlatform (95)
[2018.03.25-20.28.21:904][452]LogModuleManager: Shutting down and abandoning module Android_ETC2TargetPlatform (93)
[2018.03.25-20.28.21:904][452]LogModuleManager: Shutting down and abandoning module Android_ETC1TargetPlatform (91)
[2018.03.25-20.28.21:904][452]LogModuleManager: Shutting down and abandoning module Android_DXTTargetPlatform (89)
[2018.03.25-20.28.21:904][452]LogModuleManager: Shutting down and abandoning module Android_ATCTargetPlatform (87)
[2018.03.25-20.28.21:904][452]LogModuleManager: Shutting down and abandoning module Android_ASTCTargetPlatform (85)
[2018.03.25-20.28.21:904][452]LogModuleManager: Shutting down and abandoning module WindowsTargetPlatform (83)
[2018.03.25-20.28.21:904][452]LogModuleManager: Shutting down and abandoning module WindowsServerTargetPlatform (81)
[2018.03.25-20.28.21:904][452]LogModuleManager: Shutting down and abandoning module WindowsNoEditorTargetPlatform (79)
[2018.03.25-20.28.21:904][452]LogModuleManager: Shutting down and abandoning module WindowsClientTargetPlatform (77)
[2018.03.25-20.28.21:904][452]LogModuleManager: Shutting down and abandoning module MacTargetPlatform (75)
[2018.03.25-20.28.21:904][452]LogModuleManager: Shutting down and abandoning module MacServerTargetPlatform (73)
[2018.03.25-20.28.21:904][452]LogModuleManager: Shutting down and abandoning module MacNoEditorTargetPlatform (71)
[2018.03.25-20.28.21:904][452]LogModuleManager: Shutting down and abandoning module MacClientTargetPlatform (69)
[2018.03.25-20.28.21:905][452]LogModuleManager: Shutting down and abandoning module AllDesktopTargetPlatform (67)
[2018.03.25-20.28.21:905][452]LogModuleManager: Shutting down and abandoning module InputCore (64)
[2018.03.25-20.28.21:905][452]LogModuleManager: Shutting down and abandoning module Settings (62)
[2018.03.25-20.28.21:905][452]LogModuleManager: Shutting down and abandoning module PhysXCooking (60)
[2018.03.25-20.28.21:905][452]LogModuleManager: Shutting down and abandoning module SteamVR (58)
[2018.03.25-20.28.21:905][452]LogModuleManager: Shutting down and abandoning module OculusHMD (56)
[2018.03.25-20.28.21:905][452]LogModuleManager: Shutting down and abandoning module ExampleDeviceProfileSelector (54)
[2018.03.25-20.28.21:905][452]LogModuleManager: Shutting down and abandoning module AppleARKit (52)
[2018.03.25-20.28.21:905][452]LogModuleManager: Shutting down and abandoning module AugmentedReality (51)
[2018.03.25-20.28.21:905][452]LogModuleManager: Shutting down and abandoning module OnlineBlueprintSupport (48)
[2018.03.25-20.28.21:905][452]LogModuleManager: Shutting down and abandoning module OnlineSubsystem (44)
[2018.03.25-20.28.21:906][452]LogModuleManager: Shutting down and abandoning module XMPP (43)
[2018.03.25-20.28.21:907][452]LogModuleManager: Shutting down and abandoning module HTTP (41)
[2018.03.25-20.28.21:907][452]LogHttp: Display: Http module shutting down, but needs to wait on 1 outstanding Http requests:
[2018.03.25-20.28.21:907][452]LogHttp: Display: 	verb=[POST] url=[https://datarouter.ol.epicgames.com/datarouter/api/v1/public/data?SessionID=%7BB45341AF-4610-B078-A3F5-B3B205E828FF%7D&AppID=UEEditor.Rocket.Release&AppVersion=4.18.3-3832480%2B%2B%2BUE4%2BRelease-4.18&UserID=4f88cf27414fb08683de4aad4cff24a8%7Cdfec25c05c5a4fe088aad71abd082c8c%7C9851c8ee-d126-4642-91f3-b1e93977998f&AppEnvironment=datacollector-binary&UploadType=eteventstream] status=Processing
[2018.03.25-20.28.21:913][452]LogModuleManager: Shutting down and abandoning module SSL (40)
[2018.03.25-20.28.21:916][452]LogModuleManager: Shutting down and abandoning module AnimationModifiers (36)
[2018.03.25-20.28.21:917][452]LogModuleManager: Shutting down and abandoning module PropertyEditor (35)
[2018.03.25-20.28.21:917][452]LogModuleManager: Shutting down and abandoning module AudioEditor (32)
[2018.03.25-20.28.21:918][452]LogModuleManager: Shutting down and abandoning module TextureCompressor (30)
[2018.03.25-20.28.21:919][452]LogModuleManager: Shutting down and abandoning module ShaderCore (28)
[2018.03.25-20.28.21:919][452]LogModuleManager: Shutting down and abandoning module Landscape (26)
[2018.03.25-20.28.21:919][452]LogModuleManager: Shutting down and abandoning module SlateRHIRenderer (24)
[2018.03.25-20.28.21:923][452]LogModuleManager: Shutting down and abandoning module OpenGLDrv (22)
[2018.03.25-20.28.21:923][452]LogModuleManager: Shutting down and abandoning module D3D11RHI (20)
[2018.03.25-20.28.21:923][452]LogModuleManager: Shutting down and abandoning module AnimGraphRuntime (18)
[2018.03.25-20.28.21:923][452]LogModuleManager: Shutting down and abandoning module Renderer (16)
[2018.03.25-20.28.21:923][452]LogModuleManager: Shutting down and abandoning module Engine (14)
[2018.03.25-20.28.21:923][452]LogModuleManager: Shutting down and abandoning module CoreUObject (12)
[2018.03.25-20.28.21:923][452]LogModuleManager: Shutting down and abandoning module NetworkFile (10)
[2018.03.25-20.28.21:924][452]LogModuleManager: Shutting down and abandoning module CookedIterativeFile (8)
[2018.03.25-20.28.21:924][452]LogModuleManager: Shutting down and abandoning module StreamingFile (6)
[2018.03.25-20.28.21:924][452]LogModuleManager: Shutting down and abandoning module SandboxFile (4)
[2018.03.25-20.28.21:924][452]LogModuleManager: Shutting down and abandoning module PakFile (2)
[2018.03.25-20.28.21:929][452]LogExit: Exiting.
[2018.03.25-20.28.21:949][452]Log file closed, 03/25/18 23:28:21
