Log file open, 03/30/18 20:40:01
LogWindows: Failed to load 'aqProf.dll' (GetLastError=126)
LogWindows: File 'aqProf.dll' does not exist
LogWindows: Failed to load 'VSPerf140.dll' (GetLastError=126)
LogWindows: File 'VSPerf140.dll' does not exist
LogWindows: Failed to load 'VtuneApi.dll' (GetLastError=126)
LogWindows: File 'VtuneApi.dll' does not exist
LogWindows: Failed to load 'VtuneApi32e.dll' (GetLastError=126)
LogWindows: File 'VtuneApi32e.dll' does not exist
LogInit: Display: Running engine for game: CharacterInteraction
LogPlatformFile: Not using cached read wrapper
LogInit: Display: RandInit(1131060359) SRandInit(1131060363).
LogInit: Read version file with build ID '3709383'
LogInit: Overriding engine version to CL 3832480, compatible CL 3709383
LogInit: Registered custom module enumerator with build ID '3709383'
LogTaskGraph: Started task graph with 5 named threads and 14 total threads with 3 sets of task threads.
LogStats: Stats thread started at 0.669523
LogD3D11RHI: Aftermath initialized
LogModuleManager: Display: Found up-to-date module file ../../../Engine/Plugins/2D/Paper2D/Binaries/Win64/UE4Editor-Paper2D.dll (API version 3709383).
LogModuleManager: Display: Found up-to-date module file ../../../Engine/Plugins/2D/Paper2D/Binaries/Win64/UE4Editor-Paper2DEditor.dll (API version 3709383).
LogModuleManager: Display: Found up-to-date module file ../../../Engine/Plugins/2D/Paper2D/Binaries/Win64/UE4Editor-PaperSpriteSheetImporter.dll (API version 3709383).
LogModuleManager: Display: Found up-to-date module file ../../../Engine/Plugins/2D/Paper2D/Binaries/Win64/UE4Editor-PaperTiledImporter.dll (API version 3709383).
LogModuleManager: Display: Found up-to-date module file ../../../Engine/Plugins/2D/Paper2D/Binaries/Win64/UE4Editor-SmartSnapping.dll (API version 3709383).
LogModuleManager: Display: Found up-to-date module file ../../../Engine/Plugins/Blendables/LightPropagationVolume/Binaries/Win64/UE4Editor-LightPropagationVolumeRuntime.dll (API version 3709383).
LogModuleManager: Display: Found up-to-date module file ../../../Engine/Plugins/Blendables/LightPropagationVolume/Binaries/Win64/UE4Editor-LightPropagationVolumeEditor.dll (API version 3709383).
LogModuleManager: Display: Found up-to-date module file ../../../Engine/Plugins/Developer/GitSourceControl/Binaries/Win64/UE4Editor-GitSourceControl.dll (API version 3709383).
LogModuleManager: Display: Found up-to-date module file ../../../Engine/Plugins/Developer/PerforceSourceControl/Binaries/Win64/UE4Editor-PerforceSourceControl.dll (API version 3709383).
LogModuleManager: Display: Found up-to-date module file ../../../Engine/Plugins/Developer/SubversionSourceControl/Binaries/Win64/UE4Editor-SubversionSourceControl.dll (API version 3709383).
LogModuleManager: Display: Found up-to-date module file ../../../Engine/Plugins/Developer/UObjectPlugin/Binaries/Win64/UE4Editor-UObjectPlugin.dll (API version 3709383).
LogModuleManager: Display: Found up-to-date module file ../../../Engine/Plugins/Developer/VisualStudioCodeSourceCodeAccess/Binaries/Win64/UE4Editor-VisualStudioCodeSourceCodeAccess.dll (API version 3709383).
LogModuleManager: Display: Found up-to-date module file ../../../Engine/Plugins/Developer/VisualStudioSourceCodeAccess/Binaries/Win64/UE4Editor-VisualStudioSourceCodeAccess.dll (API version 3709383).
LogModuleManager: Display: Found up-to-date module file ../../../Engine/Plugins/Editor/AssetManagerEditor/Binaries/Win64/UE4Editor-AssetManagerEditor.dll (API version 3709383).
LogModuleManager: Display: Found up-to-date module file ../../../Engine/Plugins/Editor/AudioCapture/Binaries/Win64/UE4Editor-AudioCapture.dll (API version 3709383).
LogModuleManager: Display: Found up-to-date module file ../../../Engine/Plugins/Editor/FacialAnimation/Binaries/Win64/UE4Editor-FacialAnimation.dll (API version 3709383).
LogModuleManager: Display: Found up-to-date module file ../../../Engine/Plugins/Editor/FacialAnimation/Binaries/Win64/UE4Editor-FacialAnimationEditor.dll (API version 3709383).
LogModuleManager: Display: Found up-to-date module file ../../../Engine/Plugins/Editor/GameplayTagsEditor/Binaries/Win64/UE4Editor-GameplayTagsEditor.dll (API version 3709383).
LogModuleManager: Display: Found up-to-date module file ../../../Engine/Plugins/Editor/MobileLauncherProfileWizard/Binaries/Win64/UE4Editor-MobileLauncherProfileWizard.dll (API version 3709383).
LogModuleManager: Display: Found up-to-date module file ../../../Engine/Plugins/Editor/PluginBrowser/Binaries/Win64/UE4Editor-PluginBrowser.dll (API version 3709383).
LogModuleManager: Display: Found up-to-date module file ../../../Engine/Plugins/Editor/SpeedTreeImporter/Binaries/Win64/UE4Editor-SpeedTreeImporter.dll (API version 3709383).
LogModuleManager: Display: Found up-to-date module file ../../../Engine/Plugins/Experimental/AlembicImporter/Binaries/Win64/UE4Editor-AlembicImporter.dll (API version 3709383).
LogModuleManager: Display: Found up-to-date module file ../../../Engine/Plugins/Experimental/AlembicImporter/Binaries/Win64/UE4Editor-AlembicLibrary.dll (API version 3709383).
LogModuleManager: Display: Found up-to-date module file ../../../Engine/Plugins/Experimental/CharacterAI/Binaries/Win64/UE4Editor-CharacterAI.dll (API version 3709383).
LogModuleManager: Display: Found up-to-date module file ../../../Engine/Plugins/Experimental/HTML5Networking/Binaries/Win64/UE4Editor-HTML5Networking.dll (API version 3709383).
LogModuleManager: Display: Found up-to-date module file ../../../Engine/Plugins/Media/AndroidMedia/Binaries/Win64/UE4Editor-AndroidMediaEditor.dll (API version 3709383).
LogModuleManager: Display: Found up-to-date module file ../../../Engine/Plugins/Media/AndroidMedia/Binaries/Win64/UE4Editor-AndroidMediaFactory.dll (API version 3709383).
LogModuleManager: Display: Found up-to-date module file ../../../Engine/Plugins/Media/AvfMedia/Binaries/Win64/UE4Editor-AvfMediaEditor.dll (API version 3709383).
LogModuleManager: Display: Found up-to-date module file ../../../Engine/Plugins/Media/AvfMedia/Binaries/Win64/UE4Editor-AvfMediaFactory.dll (API version 3709383).
LogModuleManager: Display: Found up-to-date module file ../../../Engine/Plugins/Media/AvfMedia/Binaries/Win64/UE4Editor-AvfMediaFactory.dll (API version 3709383).
LogModuleManager: Display: Found up-to-date module file ../../../Engine/Plugins/Media/ImgMedia/Binaries/Win64/UE4Editor-ImgMedia.dll (API version 3709383).
LogModuleManager: Display: Found up-to-date module file ../../../Engine/Plugins/Media/ImgMedia/Binaries/Win64/UE4Editor-ImgMediaEditor.dll (API version 3709383).
LogModuleManager: Display: Found up-to-date module file ../../../Engine/Plugins/Media/ImgMedia/Binaries/Win64/UE4Editor-ImgMediaFactory.dll (API version 3709383).
LogModuleManager: Display: Found up-to-date module file ../../../Engine/Plugins/Media/ImgMedia/Binaries/Win64/UE4Editor-ImgMediaFactory.dll (API version 3709383).
LogModuleManager: Display: Found up-to-date module file ../../../Engine/Plugins/Media/ImgMedia/Binaries/Win64/UE4Editor-OpenExrWrapper.dll (API version 3709383).
LogModuleManager: Display: Found up-to-date module file ../../../Engine/Plugins/Media/MediaCompositing/Binaries/Win64/UE4Editor-MediaCompositing.dll (API version 3709383).
LogModuleManager: Display: Found up-to-date module file ../../../Engine/Plugins/Media/MediaCompositing/Binaries/Win64/UE4Editor-MediaCompositingEditor.dll (API version 3709383).
LogModuleManager: Display: Found up-to-date module file ../../../Engine/Plugins/Media/MediaPlayerEditor/Binaries/Win64/UE4Editor-MediaPlayerEditor.dll (API version 3709383).
LogModuleManager: Display: Found up-to-date module file ../../../Engine/Plugins/Media/WmfMedia/Binaries/Win64/UE4Editor-WmfMedia.dll (API version 3709383).
LogModuleManager: Display: Found up-to-date module file ../../../Engine/Plugins/Media/WmfMedia/Binaries/Win64/UE4Editor-WmfMediaEditor.dll (API version 3709383).
LogModuleManager: Display: Found up-to-date module file ../../../Engine/Plugins/Media/WmfMedia/Binaries/Win64/UE4Editor-WmfMediaFactory.dll (API version 3709383).
LogModuleManager: Display: Found up-to-date module file ../../../Engine/Plugins/Media/WmfMedia/Binaries/Win64/UE4Editor-WmfMediaFactory.dll (API version 3709383).
LogModuleManager: Display: Found up-to-date module file ../../../Engine/Plugins/Messaging/TcpMessaging/Binaries/Win64/UE4Editor-TcpMessaging.dll (API version 3709383).
LogModuleManager: Display: Found up-to-date module file ../../../Engine/Plugins/Messaging/UdpMessaging/Binaries/Win64/UE4Editor-UdpMessaging.dll (API version 3709383).
LogModuleManager: Display: Found up-to-date module file ../../../Engine/Plugins/MovieScene/ActorSequence/Binaries/Win64/UE4Editor-ActorSequence.dll (API version 3709383).
LogModuleManager: Display: Found up-to-date module file ../../../Engine/Plugins/MovieScene/LevelSequenceEditor/Binaries/Win64/UE4Editor-LevelSequenceEditor.dll (API version 3709383).
LogModuleManager: Display: Found up-to-date module file ../../../Engine/Plugins/MovieScene/MatineeToLevelSequence/Binaries/Win64/UE4Editor-MatineeToLevelSequence.dll (API version 3709383).
LogModuleManager: Display: Found up-to-date module file ../../../Engine/Plugins/Online/OnlineSubsystem/Binaries/Win64/UE4Editor-OnlineSubsystem.dll (API version 3709383).
LogModuleManager: Display: Found up-to-date module file ../../../Engine/Plugins/Runtime/AndroidPermission/Binaries/Win64/UE4Editor-AndroidPermission.dll (API version 3709383).
LogModuleManager: Display: Found up-to-date module file ../../../Engine/Plugins/Online/OnlineSubsystemNull/Binaries/Win64/UE4Editor-OnlineSubsystemNull.dll (API version 3709383).
LogModuleManager: Display: Found up-to-date module file ../../../Engine/Plugins/Online/OnlineSubsystemUtils/Binaries/Win64/UE4Editor-OnlineSubsystemUtils.dll (API version 3709383).
LogModuleManager: Display: Found up-to-date module file ../../../Engine/Plugins/Online/OnlineSubsystemUtils/Binaries/Win64/UE4Editor-OnlineBlueprintSupport.dll (API version 3709383).
LogModuleManager: Display: Found up-to-date module file ../../../Engine/Plugins/Runtime/AndroidDeviceProfileSelector/Binaries/Win64/UE4Editor-AndroidDeviceProfileSelector.dll (API version 3709383).
LogModuleManager: Display: Found up-to-date module file ../../../Engine/Plugins/Runtime/AppleARKit/Binaries/Win64/UE4Editor-AppleARKit.dll (API version 3709383).
LogModuleManager: Display: Found up-to-date module file ../../../Engine/Plugins/Runtime/ArchVisCharacter/Binaries/Win64/UE4Editor-ArchVisCharacter.dll (API version 3709383).
LogModuleManager: Display: Found up-to-date module file ../../../Engine/Plugins/Runtime/CableComponent/Binaries/Win64/UE4Editor-CableComponent.dll (API version 3709383).
LogModuleManager: Display: Found up-to-date module file ../../../Engine/Plugins/Runtime/CustomMeshComponent/Binaries/Win64/UE4Editor-CustomMeshComponent.dll (API version 3709383).
LogModuleManager: Display: Found up-to-date module file ../../../Engine/Plugins/Runtime/ExampleDeviceProfileSelector/Binaries/Win64/UE4Editor-ExampleDeviceProfileSelector.dll (API version 3709383).
LogModuleManager: Display: Found up-to-date module file ../../../Engine/Plugins/Runtime/ImmediatePhysics/Binaries/Win64/UE4Editor-ImmediatePhysics.dll (API version 3709383).
LogModuleManager: Display: Found up-to-date module file ../../../Engine/Plugins/Runtime/ImmediatePhysics/Binaries/Win64/UE4Editor-ImmediatePhysicsEditor.dll (API version 3709383).
LogModuleManager: Display: Found up-to-date module file ../../../Engine/Plugins/Runtime/LocationServicesBPLibrary/Binaries/Win64/UE4Editor-LocationServicesBPLibrary.dll (API version 3709383).
LogModuleManager: Display: Found up-to-date module file ../../../Engine/Plugins/Runtime/MobilePatchingUtils/Binaries/Win64/UE4Editor-MobilePatchingUtils.dll (API version 3709383).
LogModuleManager: Display: Found up-to-date module file ../../../Engine/Plugins/Runtime/Oculus/OculusVR/Binaries/Win64/UE4Editor-OculusHMD.dll (API version 3709383).
LogModuleManager: Display: Found up-to-date module file ../../../Engine/Plugins/Runtime/Oculus/OculusVR/Binaries/Win64/UE4Editor-OculusInput.dll (API version 3709383).
LogModuleManager: Display: Found up-to-date module file ../../../Engine/Plugins/Runtime/Oculus/OculusVR/Binaries/Win64/UE4Editor-OculusEditor.dll (API version 3709383).
LogModuleManager: Display: Found up-to-date module file ../../../Engine/Plugins/Runtime/PhysXVehicles/Binaries/Win64/UE4Editor-PhysXVehicles.dll (API version 3709383).
LogModuleManager: Display: Found up-to-date module file ../../../Engine/Plugins/Runtime/PhysXVehicles/Binaries/Win64/UE4Editor-PhysXVehiclesEditor.dll (API version 3709383).
LogModuleManager: Display: Found up-to-date module file ../../../Engine/Plugins/Runtime/ProceduralMeshComponent/Binaries/Win64/UE4Editor-ProceduralMeshComponent.dll (API version 3709383).
LogModuleManager: Display: Found up-to-date module file ../../../Engine/Plugins/Runtime/ProceduralMeshComponent/Binaries/Win64/UE4Editor-ProceduralMeshComponentEditor.dll (API version 3709383).
LogModuleManager: Display: Found up-to-date module file ../../../Engine/Plugins/Runtime/RuntimePhysXCooking/Binaries/Win64/UE4Editor-RuntimePhysXCooking.dll (API version 3709383).
LogModuleManager: Display: Found up-to-date module file ../../../Engine/Plugins/Runtime/Steam/SteamVR/Binaries/Win64/UE4Editor-SteamVR.dll (API version 3709383).
LogModuleManager: Display: Found up-to-date module file ../../../Engine/Plugins/Runtime/Steam/SteamVR/Binaries/Win64/UE4Editor-SteamVRController.dll (API version 3709383).
LogModuleManager: Display: Found up-to-date module file ../../../Engine/Plugins/Runtime/WindowsMoviePlayer/Binaries/Win64/UE4Editor-WindowsMoviePlayer.dll (API version 3709383).
LogPluginManager: Mounting plugin Paper2D
LogPluginManager: Mounting plugin LightPropagationVolume
LogPluginManager: Mounting plugin CodeLiteSourceCodeAccess
LogPluginManager: Mounting plugin GitSourceControl
LogPluginManager: Mounting plugin KDevelopSourceCodeAccess
LogPluginManager: Mounting plugin NullSourceCodeAccess
LogPluginManager: Mounting plugin PerforceSourceControl
LogPluginManager: Mounting plugin SubversionSourceControl
LogPluginManager: Mounting plugin UObjectPlugin
LogPluginManager: Mounting plugin VisualStudioCodeSourceCodeAccess
LogPluginManager: Mounting plugin VisualStudioSourceCodeAccess
LogPluginManager: Mounting plugin XCodeSourceCodeAccess
LogPluginManager: Mounting plugin AssetManagerEditor
LogPluginManager: Mounting plugin AudioCapture
LogPluginManager: Mounting plugin FacialAnimation
LogPluginManager: Mounting plugin GameplayTagsEditor
LogPluginManager: Mounting plugin MobileLauncherProfileWizard
LogPluginManager: Mounting plugin PluginBrowser
LogPluginManager: Mounting plugin SpeedTreeImporter
LogPluginManager: Mounting plugin AlembicImporter
LogPluginManager: Mounting plugin CharacterAI
LogPluginManager: Mounting plugin HTML5Networking
LogPluginManager: Mounting plugin AndroidMedia
LogPluginManager: Mounting plugin AvfMedia
LogPluginManager: Mounting plugin ImgMedia
LogPluginManager: Mounting plugin MediaCompositing
LogPluginManager: Mounting plugin MediaPlayerEditor
LogPluginManager: Mounting plugin WmfMedia
LogPluginManager: Mounting plugin TcpMessaging
LogPluginManager: Mounting plugin UdpMessaging
LogPluginManager: Mounting plugin ActorSequence
LogPluginManager: Mounting plugin LevelSequenceEditor
LogPluginManager: Mounting plugin MatineeToLevelSequence
LogPluginManager: Mounting plugin OnlineSubsystemGooglePlay
LogPluginManager: Mounting plugin OnlineSubsystemIOS
LogPluginManager: Mounting plugin OnlineSubsystem
LogPluginManager: Mounting plugin OnlineSubsystemNull
LogPluginManager: Mounting plugin OnlineSubsystemUtils
LogPluginManager: Mounting plugin AndroidDeviceProfileSelector
LogPluginManager: Mounting plugin AndroidMoviePlayer
LogPluginManager: Mounting plugin AndroidPermission
LogPluginManager: Mounting plugin AppleARKit
LogPluginManager: Mounting plugin AppleMoviePlayer
LogPluginManager: Mounting plugin ArchVisCharacter
LogPluginManager: Mounting plugin CableComponent
LogPluginManager: Mounting plugin CustomMeshComponent
LogPluginManager: Mounting plugin ExampleDeviceProfileSelector
LogPluginManager: Mounting plugin GoogleCloudMessaging
LogPluginManager: Mounting plugin ImmediatePhysics
LogPluginManager: Mounting plugin IOSDeviceProfileSelector
LogPluginManager: Mounting plugin LinuxDeviceProfileSelector
LogPluginManager: Mounting plugin LocationServicesBPLibrary
LogPluginManager: Mounting plugin MobilePatchingUtils
LogPluginManager: Mounting plugin OculusVR
LogPluginManager: Plugin shader directory ../../../Engine/Plugins/Runtime/Oculus/OculusVR/Shaders found
LogPluginManager: Mapping shader source directory ../../../Engine/Plugins/Runtime/Oculus/OculusVR/Shaders to virtual directory /Plugin/OculusVR
LogPluginManager: Mounting plugin PhysXVehicles
LogPluginManager: Mounting plugin ProceduralMeshComponent
LogPluginManager: Mounting plugin RuntimePhysXCooking
LogPluginManager: Mounting plugin SteamVR
LogPluginManager: Mounting plugin WindowsMoviePlayer
LogInit: Using libcurl 7.47.1
LogInit:  - built for x86_64-pc-win32
LogInit:  - supports SSL with OpenSSL/1.0.2g
LogInit:  - supports HTTP deflate (compression) using libz 1.2.8
LogInit:  - other features:
LogInit:      CURL_VERSION_SSL
LogInit:      CURL_VERSION_LIBZ
LogInit:      CURL_VERSION_IPV6
LogInit:      CURL_VERSION_ASYNCHDNS
LogInit:      CURL_VERSION_LARGEFILE
LogInit:      CURL_VERSION_IDN
LogInit:  CurlRequestOptions (configurable via config and command line):
LogInit:  - bVerifyPeer = false  - Libcurl will NOT verify peer certificate
LogInit:  - bUseHttpProxy = false  - Libcurl will NOT use HTTP proxy
LogInit:  - bDontReuseConnections = false  - Libcurl will reuse connections
LogInit:  - CertBundlePath = nullptr  - Libcurl will use whatever was configured at build time.
LogInit: Build: ++UE4+Release-4.18-CL-3832480
LogInit: Engine Version: 4.18.3-3832480+++UE4+Release-4.18
LogInit: Compatible Engine Version: 4.18.0-3709383+++UE4+Release-4.18
LogInit: Net CL: 3709383
LogDevObjectVersion: Number of dev versions registered: 16
LogDevObjectVersion:   Dev-Blueprints (B0D832E4-1F89-4F0D-ACCF-7EB736FD4AA2): 10
LogDevObjectVersion:   Dev-Build (E1C64328-A22C-4D53-A36C-8E866417BD8C): 0
LogDevObjectVersion:   Dev-Core (375EC13C-06E4-48FB-B500-84F0262A717E): 2
LogDevObjectVersion:   Dev-Editor (E4B068ED-F494-42E9-A231-DA0B2E46BB41): 20
LogDevObjectVersion:   Dev-Framework (CFFC743F-43B0-4480-9391-14DF171D2073): 30
LogDevObjectVersion:   Dev-Mobile (B02B49B5-BB20-44E9-A304-32B752E40360): 0
LogDevObjectVersion:   Dev-Networking (A4E4105C-59A1-49B5-A7C5-40C4547EDFEE): 0
LogDevObjectVersion:   Dev-Online (39C831C9-5AE6-47DC-9A44-9C173E1C8E7C): 0
LogDevObjectVersion:   Dev-Physics (78F01B33-EBEA-4F98-B9B4-84EACCB95AA2): 0
LogDevObjectVersion:   Dev-Platform (6631380F-2D4D-43E0-8009-CF276956A95A): 0
LogDevObjectVersion:   Dev-Rendering (12F88B9F-8875-4AFC-A67C-D90C383ABD29): 20
LogDevObjectVersion:   Dev-Sequencer (7B5AE74C-D270-4C10-A958-57980B212A5A): 4
LogDevObjectVersion:   Dev-VR (D7296918-1DD6-4BDD-9DE2-64A83CC13884): 0
LogDevObjectVersion:   Dev-LoadTimes (C2A15278-BFE7-4AFE-6C17-90FF531DF755): 1
LogDevObjectVersion:   Private-Geometry (6EACA3D4-40EC-4CC1-B786-8BED09428FC5): 1
LogDevObjectVersion:   Dev-AnimPhys (29E575DD-E0A3-4627-9D10-D276232CDCEA): 12
LogInit: Compiled (64-bit): Jan 12 2018 02:04:55
LogInit: Compiled with Visual C++: 19.00.24215.01
LogInit: Build Configuration: Development
LogInit: Branch Name: ++UE4+Release-4.18
LogInit: Command line:  
LogInit: Base directory: C:/Program Files/Epic Games/UE_4.18/Engine/Binaries/Win64/
LogInit: Installed Engine Build: 1
LogInit: Presizing for max 8388607 objects, including 0 objects not considered by GC, pre-allocating 0 bytes for permanent pool.
LogInit: Object subsystem initialized
[2018.03.30-17.40.03:488][  0]LogInit: Selected Device Profile: [Windows]
[2018.03.30-17.40.03:488][  0]LogInit: Applying CVar settings loaded from the selected device profile: [Windows]
[2018.03.30-17.40.03:628][  0]LogInit: Computer: LAPTOP-92OR110V
[2018.03.30-17.40.03:628][  0]LogInit: User: User
[2018.03.30-17.40.03:628][  0]LogInit: CPU Page size=4096, Cores=4
[2018.03.30-17.40.03:628][  0]LogInit: High frequency timer resolution =2.249999 MHz
[2018.03.30-17.40.03:628][  0]LogMemory: Memory total: Physical=15.8GB (16GB approx)
[2018.03.30-17.40.03:628][  0]LogMemory: Platform Memory Stats for Windows
[2018.03.30-17.40.03:628][  0]LogMemory: Process Physical Memory: 271.31 MB used, 271.31 MB peak
[2018.03.30-17.40.03:628][  0]LogMemory: Process Virtual Memory: 269.37 MB used, 269.37 MB peak
[2018.03.30-17.40.03:628][  0]LogMemory: Physical Memory: 5716.61 MB used,  10462.37 MB free, 16178.98 MB total
[2018.03.30-17.40.03:628][  0]LogMemory: Virtual Memory: 681.35 MB used,  10462.37 MB free, 134217728.00 MB total
[2018.03.30-17.40.04:024][  0]LogInit: Using OS detected language (ru-RU).
[2018.03.30-17.40.04:024][  0]LogInit: Using OS detected locale (ru-RU).
[2018.03.30-17.40.04:104][  0]LogTextLocalizationManager: No localization for 'ru-RU' exists, so 'en' will be used for the language.
[2018.03.30-17.40.04:104][  0]LogTextLocalizationManager: No localization for 'ru-RU' exists, so 'en' will be used for the locale.
[2018.03.30-17.40.04:703][  0]LogInit: Setting process to per monitor DPI aware
[2018.03.30-17.40.07:772][  0]LogD3D11RHI: D3D11 adapters:
[2018.03.30-17.40.07:813][  0]LogD3D11RHI:    0. 'NVIDIA GeForce GTX 950M' (Feature Level 11_0)
[2018.03.30-17.40.07:813][  0]LogD3D11RHI:       4064/0/8089 MB DedicatedVideo/DedicatedSystem/SharedSystem, Outputs:1, VendorId:0x10de
[2018.03.30-17.40.07:821][  0]LogD3D11RHI:    1. 'Intel(R) HD Graphics 530' (Feature Level 11_0)
[2018.03.30-17.40.07:821][  0]LogD3D11RHI:       128/0/8089 MB DedicatedVideo/DedicatedSystem/SharedSystem, Outputs:0, VendorId:0x8086
[2018.03.30-17.40.07:824][  0]LogD3D11RHI:    2. 'Microsoft Basic Render Driver' (Feature Level 11_0)
[2018.03.30-17.40.07:824][  0]LogD3D11RHI:       0/0/8089 MB DedicatedVideo/DedicatedSystem/SharedSystem, Outputs:0, VendorId:0x1414
[2018.03.30-17.40.07:824][  0]LogD3D11RHI: Chosen D3D11 Adapter: 0
[2018.03.30-17.40.07:833][  0]LogD3D11RHI: Creating new Direct3DDevice
[2018.03.30-17.40.07:833][  0]LogD3D11RHI:     GPU DeviceId: 0x139a (for the marketing name, search the web for "GPU Device Id")
[2018.03.30-17.40.07:833][  0]LogWindows: EnumDisplayDevices:
[2018.03.30-17.40.07:833][  0]LogWindows:    0. 'Intel(R) HD Graphics 530' (P:1 D:1)
[2018.03.30-17.40.07:833][  0]LogWindows:    1. 'Intel(R) HD Graphics 530' (P:0 D:0)
[2018.03.30-17.40.07:833][  0]LogWindows:    2. 'Intel(R) HD Graphics 530' (P:0 D:0)
[2018.03.30-17.40.07:834][  0]LogWindows: DebugString: GetVideoDriverDetailsInvalid PrimaryIsNotTheChoosenAdapter GetVideoDriverDetailsInvalid PrimaryIsNotTheChoosenAdapter GetVideoDriverDetailsInvalid PrimaryIsNotTheChoosenAdapter FoundDriverCount:0 
[2018.03.30-17.40.07:834][  0]LogD3D11RHI:     Adapter Name: NVIDIA GeForce GTX 950M
[2018.03.30-17.40.07:834][  0]LogD3D11RHI:   Driver Version: Unknown (internal:Unknown, unified:Unknown)
[2018.03.30-17.40.07:834][  0]LogD3D11RHI:      Driver Date: Unknown
[2018.03.30-17.40.07:834][  0]LogRHI: Texture pool is 2845 MB (70% of 4064 MB)
[2018.03.30-17.40.07:852][  0]LogD3D11RHI: Async texture creation enabled
[2018.03.30-17.40.07:879][  0]LogD3D11RHI: GPU Timing Frequency: 1000.000000 (Debug: 2 1)
[2018.03.30-17.40.07:884][  0]LogShaderCompilers: Guid format shader working directory is -34 characters bigger than the processId version (F:/CarTest_-_Advanced_Vehicle_Kit/CharacterInteraction_418/CharacterInteraction/Intermediate/Shaders/WorkingDirectory/5684/).
[2018.03.30-17.40.07:884][  0]LogShaderCompilers: Cleaned the shader compiler working directory 'C:/Users/User/AppData/Local/Temp/UnrealShaderWorkingDir/0620C7344A0AEFACC0756F94707B93FB/'.
[2018.03.30-17.40.07:885][  0]LogShaderCompilers: Display: Using Local Shader Compiler.
[2018.03.30-17.40.10:408][  0]LogTemp: Display: Loaded TP AllDesktopTargetPlatform
[2018.03.30-17.40.10:477][  0]LogTemp: Display: Loaded TP MacClientTargetPlatform
[2018.03.30-17.40.10:548][  0]LogTemp: Display: Loaded TP MacNoEditorTargetPlatform
[2018.03.30-17.40.10:619][  0]LogTemp: Display: Loaded TP MacServerTargetPlatform
[2018.03.30-17.40.10:693][  0]LogTemp: Display: Loaded TP MacTargetPlatform
[2018.03.30-17.40.10:761][  0]LogTemp: Display: Loaded TP WindowsClientTargetPlatform
[2018.03.30-17.40.10:832][  0]LogTemp: Display: Loaded TP WindowsNoEditorTargetPlatform
[2018.03.30-17.40.10:901][  0]LogTemp: Display: Loaded TP WindowsServerTargetPlatform
[2018.03.30-17.40.10:962][  0]LogTemp: Display: Loaded TP WindowsTargetPlatform
[2018.03.30-17.40.11:033][  0]LogTemp: Display: Loaded TP Android_ASTCTargetPlatform
[2018.03.30-17.40.11:100][  0]LogTemp: Display: Loaded TP Android_ATCTargetPlatform
[2018.03.30-17.40.11:167][  0]LogTemp: Display: Loaded TP Android_DXTTargetPlatform
[2018.03.30-17.40.11:235][  0]LogTemp: Display: Loaded TP Android_ETC1TargetPlatform
[2018.03.30-17.40.11:302][  0]LogTemp: Display: Loaded TP Android_ETC2TargetPlatform
[2018.03.30-17.40.11:441][  0]LogTemp: Display: Loaded TP Android_MultiTargetPlatform
[2018.03.30-17.40.11:441][  0]LogTemp: Display: Loaded TP Android_PVRTCTargetPlatform
[2018.03.30-17.40.11:513][  0]LogTemp: Display: Loaded TP AndroidTargetPlatform
[2018.03.30-17.40.11:568][  0]LogTemp: Display: Loaded TP HTML5TargetPlatform
[2018.03.30-17.40.11:690][  0]LogTemp: Display: Loaded TP IOSTargetPlatform
[2018.03.30-17.40.11:725][  0]LogTemp: Display: Loaded TP TVOSTargetPlatform
[2018.03.30-17.40.11:792][  0]LogTemp: Display: Loaded TP LinuxClientTargetPlatform
[2018.03.30-17.40.11:860][  0]LogTemp: Display: Loaded TP LinuxNoEditorTargetPlatform
[2018.03.30-17.40.11:926][  0]LogTemp: Display: Loaded TP LinuxServerTargetPlatform
[2018.03.30-17.40.11:999][  0]LogTemp: Display: Loaded TP LinuxTargetPlatform
[2018.03.30-17.40.11:999][  0]LogTargetPlatformManager: Display: Building Assets For Windows
[2018.03.30-17.40.12:703][  0]LogDerivedDataCache: Display: Max Cache Size: 512 MB
[2018.03.30-17.40.13:052][  0]LogDerivedDataCache: Loaded boot cache 0.35s 78MB C:/Users/User/AppData/Local/UnrealEngine/4.18/DerivedDataCache/Boot.ddc.
[2018.03.30-17.40.13:052][  0]LogDerivedDataCache: Display: Loaded Boot cache: C:/Users/User/AppData/Local/UnrealEngine/4.18/DerivedDataCache/Boot.ddc
[2018.03.30-17.40.13:052][  0]LogDerivedDataCache: FDerivedDataBackendGraph:  Pak pak cache file F:/CarTest_-_Advanced_Vehicle_Kit/CharacterInteraction_418/CharacterInteraction/DerivedDataCache/DDC.ddp not found, will not use a pak cache.
[2018.03.30-17.40.13:052][  0]LogDerivedDataCache: Unable to find inner node Pak for hierarchical cache Hierarchy.
[2018.03.30-17.40.13:052][  0]LogDerivedDataCache: FDerivedDataBackendGraph:  CompressedPak pak cache file F:/CarTest_-_Advanced_Vehicle_Kit/CharacterInteraction_418/CharacterInteraction/DerivedDataCache/Compressed.ddp not found, will not use a pak cache.
[2018.03.30-17.40.13:052][  0]LogDerivedDataCache: Unable to find inner node CompressedPak for hierarchical cache Hierarchy.
[2018.03.30-17.40.13:081][  0]LogDerivedDataCache: Display: Pak cache opened for reading ../../../Engine/DerivedDataCache/Compressed.ddp.
[2018.03.30-17.40.13:094][  0]LogDerivedDataCache: Using Local data cache path C:/Users/User/AppData/Local/UnrealEngine/Common/DerivedDataCache: Writable
[2018.03.30-17.40.13:108][  0]LogMaterial: Verifying Global Shaders for PCD3D_SM5
[2018.03.30-17.40.13:112][  0]LogSlate: Using Freetype 2.6.0
[2018.03.30-17.40.13:129][  0]LogSlate: SlateFontCache - WITH_FREETYPE: 1, WITH_HARFBUZZ: 1
[2018.03.30-17.40.13:129][  0]LogSlate: SlateFontCache - WITH_FREETYPE: 1, WITH_HARFBUZZ: 1
[2018.03.30-17.40.14:101][  0]LogInit: Selected Device Profile: [Windows]
[2018.03.30-17.40.14:763][  0]LogSimplygon: Simplygon DLL not present - disabling.
[2018.03.30-17.40.14:819][  0]LogMeshReduction: Using SimplygonSwarm for distributed automatic mesh merging
[2018.03.30-17.40.14:820][  0]LogMeshReduction: Using QuadricMeshReduction for automatic static mesh reduction
[2018.03.30-17.40.14:820][  0]LogMeshReduction: No automatic skeletal mesh reduction module available
[2018.03.30-17.40.14:820][  0]LogMeshReduction: No automatic mesh merging module available
[2018.03.30-17.40.14:820][  0]LogMeshMerging: No automatic mesh merging module available
[2018.03.30-17.40.14:898][  0]LogNetVersion: CharacterInteraction , NetCL: 3709383, EngineNetVer: 2, GameNetVer: 0 (Checksum: 2469258641)
[2018.03.30-17.40.15:405][  0]LogAssetRegistry: FAssetRegistry took 0.0302 seconds to start up
[2018.03.30-17.40.16:900][  0]LogPackageLocalizationCache: Processed 7 localized package path(s) for 1 prioritized culture(s) in 0.244012 seconds
[2018.03.30-17.40.16:909][  0]LogUObjectArray: 35870 objects as part of root set at end of initial load.
[2018.03.30-17.40.16:909][  0]LogUObjectAllocator: 7363704 out of 0 bytes used by permanent object pool.
[2018.03.30-17.40.16:909][  0]LogUObjectArray: CloseDisregardForGC: 0/0 objects in disregard for GC pool
[2018.03.30-17.40.16:979][  0]LogInit: WinSock: version 1.1 (2.2), MaxSocks=32767, MaxUdp=65467
[2018.03.30-17.40.24:086][  0]LogTcpMessaging: Initializing TcpMessaging bridge
[2018.03.30-17.40.24:141][  0]LogUdpMessaging: Initializing bridge on interface 0.0.0.0:0 to multicast group 230.0.0.1:6666.
[2018.03.30-17.40.25:237][  0]LogMaterial: Uniform references updated for custom material expression Custom.
[2018.03.30-17.40.25:938][  0]SourceControl: Source control is disabled
[2018.03.30-17.40.25:938][  0]SourceControl: Source control is disabled
[2018.03.30-17.40.26:017][  0]SourceControl: Source control is disabled
[2018.03.30-17.40.26:093][  0]SourceControl: Source control is disabled
[2018.03.30-17.40.27:296][  0]LogAndroidPermission: UAndroidPermissionCallbackProxy::GetInstance
[2018.03.30-17.40.27:670][  0]LogOcInput: OculusInput pre-init called
[2018.03.30-17.40.28:107][  0]LogEngine: Initializing Engine...
[2018.03.30-17.40.28:112][  0]LogHMD: Failed to initialize OpenVR with code 110
[2018.03.30-17.40.28:569][  0]LogStats: UGameplayTagsManager::ConstructGameplayTagTree: Construct from data asset -  0.000 s
[2018.03.30-17.40.28:569][  0]LogStats: UGameplayTagsManager::ConstructGameplayTagTree: GameplayTagTreeChangedEvent.Broadcast -  0.000 s
[2018.03.30-17.40.28:764][  0]LogAIModule: Creating AISystem for world Untitled
[2018.03.30-17.40.28:779][  0]LogInit: XAudio2 using 'Динамики (Realtek High Definition Audio)' : 2 channels at 48 kHz using 32 bits per sample (channel mask 0x3)
[2018.03.30-17.40.28:823][  0]LogInit: FAudioDevice initialized.
[2018.03.30-17.40.28:905][  0]LogDerivedDataCache: Saved boot cache 0.08s 78MB C:/Users/User/AppData/Local/UnrealEngine/4.18/DerivedDataCache/Boot.ddc.
[2018.03.30-17.40.28:921][  0]LogInit: Texture streaming: Enabled
[2018.03.30-17.40.29:052][  0]LogEngineSessionManager: EngineSessionManager initialized
[2018.03.30-17.40.29:236][  0]LogInit: Transaction tracking system initialized
[2018.03.30-17.40.29:690][  0]BlueprintLog: New page: Editor Load
[2018.03.30-17.40.30:948][  0]LocalizationService: Localization service is disabled
[2018.03.30-17.40.31:968][  0]LogConsoleResponse: Display: 
[2018.03.30-17.40.32:760][  0]LogCook: Display: Max memory allowance for cook 16384mb min free memory 0mb
[2018.03.30-17.40.32:760][  0]LogCook: Display: Mobile HDR setting 1
[2018.03.30-17.40.32:760][  0]LogGameplayTags: Display: UGameplayTagsManager::DoneAddingNativeTags. DelegateIsBound: 0
[2018.03.30-17.40.33:961][  0]LogFileCache: Scanning file cache for directory 'F:/CarTest_-_Advanced_Vehicle_Kit/CharacterInteraction_418/CharacterInteraction/Content/' took 0.03s
[2018.03.30-17.40.34:511][  0]SourceControl: Source control is disabled
[2018.03.30-17.40.34:513][  0]Cmd: MAP LOAD FILE="F:/CarTest_-_Advanced_Vehicle_Kit/CharacterInteraction_418/CharacterInteraction/Content/Interaction/Maps/Level_Interaction.umap" TEMPLATE=0 SHOWPROGRESS=1 FEATURELEVEL=3
[2018.03.30-17.40.34:662][  0]LightingResults: New page: Lighting Build
[2018.03.30-17.40.34:724][  0]MapCheck: New page: Map Check
[2018.03.30-17.40.34:724][  0]LightingResults: New page: Lighting Build
[2018.03.30-17.41.00:137][  0]LogAIModule: Creating AISystem for world Level_Interaction
[2018.03.30-17.41.00:325][  0]LogEditorServer: Finished looking for orphan Actors (0.000 secs)
[2018.03.30-17.41.00:393][  0]Cmd: MAP CHECKDEP NOCLEARLOG
[2018.03.30-17.41.00:525][  0]MapCheck: Map check complete: 0 Error(s), 0 Warning(s), took 132.186ms to complete.
[2018.03.30-17.41.00:525][  0]LogFileHelpers: Loading map 'Level_Interaction' took 26.013
[2018.03.30-17.41.00:770][  0]LogCollectionManager: Loaded 0 collections in 0.002565 seconds
[2018.03.30-17.41.00:879][  0]LogFileCache: Scanning file cache for directory 'F:/CarTest_-_Advanced_Vehicle_Kit/CharacterInteraction_418/CharacterInteraction/Saved/Collections/' took 0.01s
[2018.03.30-17.41.00:879][  0]LogFileCache: Scanning file cache for directory 'F:/CarTest_-_Advanced_Vehicle_Kit/CharacterInteraction_418/CharacterInteraction/Content/Developers/User/Collections/' took 0.01s
[2018.03.30-17.41.00:879][  0]LogFileCache: Scanning file cache for directory 'F:/CarTest_-_Advanced_Vehicle_Kit/CharacterInteraction_418/CharacterInteraction/Content/Collections/' took 0.01s
[2018.03.30-17.41.00:879][  0]LogCollectionManager: Rebuilt the GUID cache for 0 collections in 0.000000 seconds
[2018.03.30-17.41.00:890][  0]LogContentBrowser: Native class hierarchy populated in 0.0100 seconds. Added 2363 classes and 519 folders.
[2018.03.30-17.41.00:984][  0]LogContentBrowser: Native class hierarchy updated for 'WidgetCarousel' in 0.0003 seconds. Added 0 classes and 0 folders.
[2018.03.30-17.41.01:475][  0]LogContentBrowser: Native class hierarchy updated for 'AddContentDialog' in 0.0002 seconds. Added 0 classes and 0 folders.
[2018.03.30-17.41.01:542][  0]LogContentBrowser: Native class hierarchy updated for 'SceneOutliner' in 0.0003 seconds. Added 1 classes and 2 folders.
[2018.03.30-17.41.01:600][  0]LogSlate: Took 0.006376 seconds to synchronously load lazily loaded font '../../../Engine/Content/Slate/Fonts/Roboto-Regular.ttf' (155K)
[2018.03.30-17.41.01:608][  0]LogSlate: Took 0.005738 seconds to synchronously load lazily loaded font '../../../Engine/Content/Slate/Fonts/Roboto-Bold.ttf' (160K)
[2018.03.30-17.41.01:622][  0]LogSlate: Took 0.007532 seconds to synchronously load lazily loaded font '../../../Engine/Content/Editor/Slate/Fonts/FontAwesome.ttf' (139K)
[2018.03.30-17.41.01:822][  0]LogRenderer: Reallocating scene render targets to support 1208x576 Format 9 NumSamples 1 (Frame:1).
[2018.03.30-17.41.02:145][  0]LogContentBrowser: Native class hierarchy updated for 'HierarchicalLODOutliner' in 0.0003 seconds. Added 1 classes and 2 folders.
[2018.03.30-17.41.02:145][  0]LogLoad: (Engine Initialization) Total time: 65.54 seconds
[2018.03.30-17.41.02:145][  0]LogLoad: (Engine Initialization) Total Blueprint compile time: 0.00 seconds
[2018.03.30-17.41.02:146][  0]LogExternalProfiler: No external profilers were discovered.  External profiling features will not be available.
[2018.03.30-17.41.02:198][  0]LogContentStreaming: Texture pool size now 800 MB
[2018.03.30-17.41.02:420][  0]LogSlate: Took 0.006527 seconds to synchronously load lazily loaded font '../../../Engine/Content/Slate/Fonts/Roboto-Light.ttf' (159K)
[2018.03.30-17.41.02:692][  2]LogAssetRegistry: Asset discovery search completed in 47.3094 seconds
[2018.03.30-17.41.02:695][  2]LogCollectionManager: Rebuilt the object cache for 0 collections in 0.000000 seconds (found 0 objects)
[2018.03.30-17.41.02:695][  2]LogCollectionManager: Fixed up redirectors for 0 collections in 0.000082 seconds (updated 0 objects)
[2018.03.30-17.41.23:989][262]LogSlate: Took 0.000180 seconds to synchronously load lazily loaded font '../../../Engine/Content/Slate/Fonts/Roboto-Light.ttf' (159K)
[2018.03.30-17.41.25:043][262]LogAIModule: Creating AISystem for world Level_Interaction_FirstPerson
[2018.03.30-17.41.25:177][262]Cmd: MAP LOAD FILE="F:/CarTest_-_Advanced_Vehicle_Kit/CharacterInteraction_418/CharacterInteraction/Content/Interaction/Maps/Level_Interaction_FirstPerson.umap" TEMPLATE=0 SHOWPROGRESS=1 FEATURELEVEL=3
[2018.03.30-17.41.25:177][262]LightingResults: New page: Lighting Build
[2018.03.30-17.41.25:178][262]LoadErrors: New page: Loading map: Level_Interaction_FirstPerson.umap
[2018.03.30-17.41.25:182][262]MapCheck: New page: Map Check
[2018.03.30-17.41.25:182][262]LightingResults: New page: Lighting Build
[2018.03.30-17.41.25:362][262]LogEditorServer: Finished looking for orphan Actors (0.000 secs)
[2018.03.30-17.41.25:410][262]Cmd: MAP CHECKDEP NOCLEARLOG
[2018.03.30-17.41.25:529][262]MapCheck: Map check complete: 0 Error(s), 0 Warning(s), took 118.514ms to complete.
[2018.03.30-17.41.25:529][262]LogFileHelpers: Loading map 'Level_Interaction_FirstPerson' took 0.355
[2018.03.30-17.41.26:093][294]LogTemp: Repeating last play command: Selected Viewport
[2018.03.30-17.41.26:726][294]LogBlueprintUserMessages: Early PlayInEditor Detection: Level '/Game/Interaction/Maps/Level_Interaction_FirstPerson.Level_Interaction_FirstPerson:PersistentLevel' has LevelScriptBlueprint '/Game/Interaction/Maps/Level_Interaction_FirstPerson.Level_Interaction_FirstPerson:PersistentLevel.Level_Interaction_FirstPerson' with GeneratedClass '/Game/Interaction/Maps/Level_Interaction_FirstPerson.Level_Interaction_FirstPerson_C' with ClassGeneratedBy '/Game/Interaction/Maps/Level_Interaction_FirstPerson.Level_Interaction_FirstPerson:PersistentLevel.Level_Interaction_FirstPerson'
[2018.03.30-17.41.26:728][294]LogPlayLevel: PlayLevel: No blueprints needed recompiling
[2018.03.30-17.41.26:729][294]PIE: New page: PIE session: Level_Interaction_FirstPerson (Mar 30, 2018, 11:41:26 PM)
[2018.03.30-17.41.26:729][294]LogPlayLevel: Creating play world package: /Game/Interaction/Maps/UEDPIE_0_Level_Interaction_FirstPerson
[2018.03.30-17.41.26:784][294]LogPlayLevel: PIE: StaticDuplicateObject took: (0.054906s)
[2018.03.30-17.41.26:785][294]LogAIModule: Creating AISystem for world Level_Interaction_FirstPerson
[2018.03.30-17.41.26:785][294]LogPlayLevel: PIE: World Init took: (0.000739s)
[2018.03.30-17.41.26:785][294]LogPlayLevel: PIE: Created PIE world by copying editor world from /Game/Interaction/Maps/Level_Interaction_FirstPerson.Level_Interaction_FirstPerson to /Game/Interaction/Maps/UEDPIE_0_Level_Interaction_FirstPerson.Level_Interaction_FirstPerson (0.056149s)
[2018.03.30-17.41.26:803][294]LogInit: XAudio2 using 'Динамики (Realtek High Definition Audio)' : 2 channels at 48 kHz using 32 bits per sample (channel mask 0x3)
[2018.03.30-17.41.26:815][294]LogInit: FAudioDevice initialized.
[2018.03.30-17.41.26:859][294]LogLoad: Game class is 'Interaction_GameMode_FPS_C'
[2018.03.30-17.41.26:874][294]LogWorld: Bringing World /Game/Interaction/Maps/UEDPIE_0_Level_Interaction_FirstPerson.Level_Interaction_FirstPerson up for play (max tick rate 60) at 2018.03.30-20.41.26
[2018.03.30-17.41.26:877][294]LogWorld: Bringing up level for play took: 0.015740
[2018.03.30-17.41.26:931][294]LogContentBrowser: Native class hierarchy updated for 'MovieSceneCapture' in 0.0004 seconds. Added 11 classes and 0 folders.
[2018.03.30-17.41.26:955][294]Cmd: r.Decal.FadeScreenSizeMult 7
[2018.03.30-17.41.26:956][294]r.Decal.FadeScreenSizeMult = "7"
[2018.03.30-17.41.26:966][294]PIE: Play in editor start time for /Game/Interaction/Maps/UEDPIE_0_Level_Interaction_FirstPerson 1.143
[2018.03.30-17.41.26:966][294]LogBlueprintUserMessages: Late PlayInEditor Detection: Level '/Game/Interaction/Maps/Level_Interaction_FirstPerson.Level_Interaction_FirstPerson:PersistentLevel' has LevelScriptBlueprint '/Game/Interaction/Maps/Level_Interaction_FirstPerson.Level_Interaction_FirstPerson:PersistentLevel.Level_Interaction_FirstPerson' with GeneratedClass '/Game/Interaction/Maps/Level_Interaction_FirstPerson.Level_Interaction_FirstPerson_C' with ClassGeneratedBy '/Game/Interaction/Maps/Level_Interaction_FirstPerson.Level_Interaction_FirstPerson:PersistentLevel.Level_Interaction_FirstPerson'
[2018.03.30-17.41.33:428][675]LogScriptCore: Warning: Script Msg: Attempted to access index -1 from array 'InteractionItem_Array' of length 0 in '/Game/Interaction/Blueprints/Pawn/Player/Character_Pawn_FPS.Character_Pawn_FPS_C'!
[2018.03.30-17.41.33:611][686]LogScriptCore: Warning: Script Msg: Attempted to access index -1 from array 'InteractionItem_Array' of length 0 in '/Game/Interaction/Blueprints/Pawn/Player/Character_Pawn_FPS.Character_Pawn_FPS_C'!
[2018.03.30-17.41.37:602][924]Cmd: LevelEditor.ToggleImmersive
[2018.03.30-17.41.37:756][925]LogRenderer: Reallocating scene render targets to support 1532x788 Format 9 NumSamples 1 (Frame:632).
[2018.03.30-17.41.37:819][926]LogRenderer: Reallocating scene render targets to support 1920x1040 Format 9 NumSamples 1 (Frame:634).
[2018.03.30-17.41.38:437][950]LogBlueprintUserMessages: Early EndPlayMap Detection: Level '/Game/Interaction/Maps/Level_Interaction_FirstPerson.Level_Interaction_FirstPerson:PersistentLevel' has LevelScriptBlueprint '/Game/Interaction/Maps/Level_Interaction_FirstPerson.Level_Interaction_FirstPerson:PersistentLevel.Level_Interaction_FirstPerson' with GeneratedClass '/Game/Interaction/Maps/Level_Interaction_FirstPerson.Level_Interaction_FirstPerson_C' with ClassGeneratedBy '/Game/Interaction/Maps/Level_Interaction_FirstPerson.Level_Interaction_FirstPerson:PersistentLevel.Level_Interaction_FirstPerson'
[2018.03.30-17.41.38:526][950]LogBlueprintUserMessages: Late EndPlayMap Detection: Level '/Game/Interaction/Maps/Level_Interaction_FirstPerson.Level_Interaction_FirstPerson:PersistentLevel' has LevelScriptBlueprint '/Game/Interaction/Maps/Level_Interaction_FirstPerson.Level_Interaction_FirstPerson:PersistentLevel.Level_Interaction_FirstPerson' with GeneratedClass '/Game/Interaction/Maps/Level_Interaction_FirstPerson.Level_Interaction_FirstPerson_C' with ClassGeneratedBy '/Game/Interaction/Maps/Level_Interaction_FirstPerson.Level_Interaction_FirstPerson:PersistentLevel.Level_Interaction_FirstPerson'
[2018.03.30-17.41.40:751][ 35]Cmd: STAT FPS
[2018.03.30-17.41.42:546][112]LogTemp: Repeating last play command: Selected Viewport
[2018.03.30-17.41.42:565][112]LogBlueprintUserMessages: Early PlayInEditor Detection: Level '/Game/Interaction/Maps/Level_Interaction_FirstPerson.Level_Interaction_FirstPerson:PersistentLevel' has LevelScriptBlueprint '/Game/Interaction/Maps/Level_Interaction_FirstPerson.Level_Interaction_FirstPerson:PersistentLevel.Level_Interaction_FirstPerson' with GeneratedClass '/Game/Interaction/Maps/Level_Interaction_FirstPerson.Level_Interaction_FirstPerson_C' with ClassGeneratedBy '/Game/Interaction/Maps/Level_Interaction_FirstPerson.Level_Interaction_FirstPerson:PersistentLevel.Level_Interaction_FirstPerson'
[2018.03.30-17.41.42:565][112]LogPlayLevel: PlayLevel: No blueprints needed recompiling
[2018.03.30-17.41.42:566][112]PIE: New page: PIE session: Level_Interaction_FirstPerson (Mar 30, 2018, 11:41:42 PM)
[2018.03.30-17.41.42:566][112]LogPlayLevel: Creating play world package: /Game/Interaction/Maps/UEDPIE_0_Level_Interaction_FirstPerson
[2018.03.30-17.41.42:618][112]LogPlayLevel: PIE: StaticDuplicateObject took: (0.052468s)
[2018.03.30-17.41.42:619][112]LogAIModule: Creating AISystem for world Level_Interaction_FirstPerson
[2018.03.30-17.41.42:619][112]LogPlayLevel: PIE: World Init took: (0.000808s)
[2018.03.30-17.41.42:619][112]LogPlayLevel: PIE: Created PIE world by copying editor world from /Game/Interaction/Maps/Level_Interaction_FirstPerson.Level_Interaction_FirstPerson to /Game/Interaction/Maps/UEDPIE_0_Level_Interaction_FirstPerson.Level_Interaction_FirstPerson (0.053794s)
[2018.03.30-17.41.42:640][112]LogInit: XAudio2 using 'Динамики (Realtek High Definition Audio)' : 2 channels at 48 kHz using 32 bits per sample (channel mask 0x3)
[2018.03.30-17.41.42:650][112]LogInit: FAudioDevice initialized.
[2018.03.30-17.41.42:685][112]LogLoad: Game class is 'Interaction_GameMode_FPS_C'
[2018.03.30-17.41.42:698][112]LogWorld: Bringing World /Game/Interaction/Maps/UEDPIE_0_Level_Interaction_FirstPerson.Level_Interaction_FirstPerson up for play (max tick rate 60) at 2018.03.30-20.41.42
[2018.03.30-17.41.42:700][112]LogWorld: Bringing up level for play took: 0.015160
[2018.03.30-17.41.42:712][112]Cmd: r.Decal.FadeScreenSizeMult 7
[2018.03.30-17.41.42:712][112]r.Decal.FadeScreenSizeMult = "7"
[2018.03.30-17.41.42:721][112]PIE: Play in editor start time for /Game/Interaction/Maps/UEDPIE_0_Level_Interaction_FirstPerson 0.898
[2018.03.30-17.41.42:721][112]LogBlueprintUserMessages: Late PlayInEditor Detection: Level '/Game/Interaction/Maps/Level_Interaction_FirstPerson.Level_Interaction_FirstPerson:PersistentLevel' has LevelScriptBlueprint '/Game/Interaction/Maps/Level_Interaction_FirstPerson.Level_Interaction_FirstPerson:PersistentLevel.Level_Interaction_FirstPerson' with GeneratedClass '/Game/Interaction/Maps/Level_Interaction_FirstPerson.Level_Interaction_FirstPerson_C' with ClassGeneratedBy '/Game/Interaction/Maps/Level_Interaction_FirstPerson.Level_Interaction_FirstPerson:PersistentLevel.Level_Interaction_FirstPerson'
[2018.03.30-17.41.47:005][318]LogScriptCore: Warning: Script Msg: Attempted to access index -1 from array 'InteractionItem_Array' of length 0 in '/Game/Interaction/Blueprints/Pawn/Player/Character_Pawn_FPS.Character_Pawn_FPS_C'!
[2018.03.30-17.41.47:192][327]LogScriptCore: Warning: Script Msg: Attempted to access index -1 from array 'InteractionItem_Array' of length 0 in '/Game/Interaction/Blueprints/Pawn/Player/Character_Pawn_FPS.Character_Pawn_FPS_C'!
[2018.03.30-17.41.57:679][828]LogScriptCore: Warning: Script Msg: Attempted to access index -1 from array 'InteractionItem_Array' of length 0 in '/Game/Interaction/Blueprints/Pawn/Player/Character_Pawn_FPS.Character_Pawn_FPS_C'!
[2018.03.30-17.41.57:879][838]LogScriptCore: Warning: Script Msg: Attempted to access index -1 from array 'InteractionItem_Array' of length 0 in '/Game/Interaction/Blueprints/Pawn/Player/Character_Pawn_FPS.Character_Pawn_FPS_C'!
[2018.03.30-17.42.14:276][647]LogScriptCore: Warning: Script Msg: Attempted to access index -1 from array 'InteractionItem_Array' of length 0 in '/Game/Interaction/Blueprints/Pawn/Player/Character_Pawn_FPS.Character_Pawn_FPS_C'!
[2018.03.30-17.42.14:276][647]LogScriptCore: Warning: Script Msg: Attempted to access index 0 from array 'InteractionObject_Array' of length 0 in '/Game/Interaction/Blueprints/Pawn/Player/Character_Pawn_FPS.Character_Pawn_FPS_C'!
[2018.03.30-17.42.14:478][657]LogScriptCore: Warning: Script Msg: Attempted to access index -1 from array 'InteractionItem_Array' of length 0 in '/Game/Interaction/Blueprints/Pawn/Player/Character_Pawn_FPS.Character_Pawn_FPS_C'!
[2018.03.30-17.42.14:478][657]LogScriptCore: Warning: Script Msg: Attempted to access index 0 from array 'InteractionObject_Array' of length 0 in '/Game/Interaction/Blueprints/Pawn/Player/Character_Pawn_FPS.Character_Pawn_FPS_C'!
[2018.03.30-17.42.14:701][668]LogScriptCore: Warning: Script Msg: Attempted to access index -1 from array 'InteractionItem_Array' of length 0 in '/Game/Interaction/Blueprints/Pawn/Player/Character_Pawn_FPS.Character_Pawn_FPS_C'!
[2018.03.30-17.42.14:701][668]LogScriptCore: Warning: Script Msg: Attempted to access index 0 from array 'InteractionObject_Array' of length 0 in '/Game/Interaction/Blueprints/Pawn/Player/Character_Pawn_FPS.Character_Pawn_FPS_C'!
[2018.03.30-17.42.14:940][680]LogScriptCore: Warning: Script Msg: Attempted to access index -1 from array 'InteractionItem_Array' of length 0 in '/Game/Interaction/Blueprints/Pawn/Player/Character_Pawn_FPS.Character_Pawn_FPS_C'!
[2018.03.30-17.42.14:940][680]LogScriptCore: Warning: Script Msg: Attempted to access index 0 from array 'InteractionObject_Array' of length 0 in '/Game/Interaction/Blueprints/Pawn/Player/Character_Pawn_FPS.Character_Pawn_FPS_C'!
[2018.03.30-17.42.26:523][144]LogScript: Warning: FLatentActionManager::ProcessLatentActions: CallbackTarget is None.
[2018.03.30-17.42.48:063][116]LogScriptCore: Warning: Script Msg: Attempted to access index 4 from array 'TextRenderComponents' of length 4 in '/Game/Interaction/Blueprints/Commentary_Box/Assets/Blueprints/BP_Commentary_Box.BP_Commentary_Box_C'!
[2018.03.30-17.43.00:553][650]LogScriptCore: Warning: Script Msg: Attempted to access index 0 from array 'TextRenderComponents' of length 0 in '/Game/Interaction/Blueprints/Commentary_Box/Assets/Blueprints/BP_Commentary_Box.BP_Commentary_Box_C'!
[2018.03.30-17.43.00:553][650]LogScriptCore: Warning: Script Msg: Attempted to access index 1 from array 'TextRenderComponents' of length 0 in '/Game/Interaction/Blueprints/Commentary_Box/Assets/Blueprints/BP_Commentary_Box.BP_Commentary_Box_C'!
[2018.03.30-17.43.00:553][650]LogScriptCore: Warning: Script Msg: Attempted to access index 2 from array 'TextRenderComponents' of length 0 in '/Game/Interaction/Blueprints/Commentary_Box/Assets/Blueprints/BP_Commentary_Box.BP_Commentary_Box_C'!
[2018.03.30-17.43.00:553][650]LogScriptCore: Warning: Script Msg: Attempted to access index 3 from array 'TextRenderComponents' of length 0 in '/Game/Interaction/Blueprints/Commentary_Box/Assets/Blueprints/BP_Commentary_Box.BP_Commentary_Box_C'!
[2018.03.30-17.43.00:862][663]LogScriptCore: Warning: Script Msg: Attempted to access index 4 from array 'TextRenderComponents' of length 4 in '/Game/Interaction/Blueprints/Commentary_Box/Assets/Blueprints/BP_Commentary_Box.BP_Commentary_Box_C'!
[2018.03.30-17.43.01:683][698]LogScriptCore: Warning: Script Msg: Attempted to access index 0 from array 'TextRenderComponents' of length 0 in '/Game/Interaction/Blueprints/Commentary_Box/Assets/Blueprints/BP_Commentary_Box.BP_Commentary_Box_C'!
[2018.03.30-17.43.01:683][698]LogScriptCore: Warning: Script Msg: Attempted to access index 1 from array 'TextRenderComponents' of length 0 in '/Game/Interaction/Blueprints/Commentary_Box/Assets/Blueprints/BP_Commentary_Box.BP_Commentary_Box_C'!
[2018.03.30-17.43.01:683][698]LogScriptCore: Warning: Script Msg: Attempted to access index 2 from array 'TextRenderComponents' of length 0 in '/Game/Interaction/Blueprints/Commentary_Box/Assets/Blueprints/BP_Commentary_Box.BP_Commentary_Box_C'!
[2018.03.30-17.43.01:683][698]LogScriptCore: Warning: Script Msg: Attempted to access index 3 from array 'TextRenderComponents' of length 0 in '/Game/Interaction/Blueprints/Commentary_Box/Assets/Blueprints/BP_Commentary_Box.BP_Commentary_Box_C'!
[2018.03.30-17.43.01:683][698]LogScriptCore: Warning: Script Msg: Attempted to access index 4 from array 'TextRenderComponents' of length 0 in '/Game/Interaction/Blueprints/Commentary_Box/Assets/Blueprints/BP_Commentary_Box.BP_Commentary_Box_C'!
[2018.03.30-17.43.10:544][ 75]LogScriptCore: Warning: Script Msg: Attempted to access index 4 from array 'TextRenderComponents' of length 4 in '/Game/Interaction/Blueprints/Commentary_Box/Assets/Blueprints/BP_Commentary_Box.BP_Commentary_Box_C'!
[2018.03.30-17.43.11:631][124]LogScriptCore: Warning: Script Msg: Attempted to access index -1 from array 'InteractionItem_Array' of length 0 in '/Game/Interaction/Blueprints/Pawn/Player/Character_Pawn_FPS.Character_Pawn_FPS_C'!
[2018.03.30-17.43.11:631][124]LogScriptCore: Warning: Script Msg: Attempted to access index 0 from array 'InteractionObject_Array' of length 0 in '/Game/Interaction/Blueprints/Pawn/Player/Character_Pawn_FPS.Character_Pawn_FPS_C'!
[2018.03.30-17.43.11:851][134]LogScriptCore: Warning: Script Msg: Attempted to access index -1 from array 'InteractionItem_Array' of length 0 in '/Game/Interaction/Blueprints/Pawn/Player/Character_Pawn_FPS.Character_Pawn_FPS_C'!
[2018.03.30-17.43.11:851][134]LogScriptCore: Warning: Script Msg: Attempted to access index 0 from array 'InteractionObject_Array' of length 0 in '/Game/Interaction/Blueprints/Pawn/Player/Character_Pawn_FPS.Character_Pawn_FPS_C'!
[2018.03.30-17.43.17:087][369]LogScriptCore: Warning: Script Msg: Attempted to access index -1 from array 'InteractionItem_Array' of length 0 in '/Game/Interaction/Blueprints/Pawn/Player/Character_Pawn_FPS.Character_Pawn_FPS_C'!
[2018.03.30-17.43.17:087][369]LogScriptCore: Warning: Script Msg: Attempted to access index 0 from array 'InteractionObject_Array' of length 0 in '/Game/Interaction/Blueprints/Pawn/Player/Character_Pawn_FPS.Character_Pawn_FPS_C'!
[2018.03.30-17.43.59:628][164]LogScriptCore: Warning: Script Msg: Attempted to access index -1 from array 'InteractionItem_Array' of length 0 in '/Game/Interaction/Blueprints/Pawn/Player/Character_Pawn_FPS.Character_Pawn_FPS_C'!
[2018.03.30-17.43.59:628][164]LogScriptCore: Warning: Script Msg: Attempted to access index 0 from array 'InteractionObject_Array' of length 0 in '/Game/Interaction/Blueprints/Pawn/Player/Character_Pawn_FPS.Character_Pawn_FPS_C'!
[2018.03.30-17.44.17:390][852]LogScriptCore: Warning: Script Msg: Attempted to access index -1 from array 'InteractionItem_Array' of length 0 in '/Game/Interaction/Blueprints/Pawn/Player/Character_Pawn_FPS.Character_Pawn_FPS_C'!
[2018.03.30-17.44.21:681][ 44]LogScriptCore: Warning: Script Msg: Attempted to access index -1 from array 'InteractionItem_Array' of length 0 in '/Game/Interaction/Blueprints/Pawn/Player/Character_Pawn_FPS.Character_Pawn_FPS_C'!
[2018.03.30-17.44.29:877][397]LogScript: Warning: FLatentActionManager::ProcessLatentActions: CallbackTarget is None.
[2018.03.30-17.44.33:525][560]LogScriptCore: Warning: Script Msg: Attempted to access index -1 from array 'InteractionItem_Array' of length 0 in '/Game/Interaction/Blueprints/Pawn/Player/Character_Pawn_FPS.Character_Pawn_FPS_C'!
[2018.03.30-17.44.33:762][571]LogScriptCore: Warning: Script Msg: Attempted to access index -1 from array 'InteractionItem_Array' of length 0 in '/Game/Interaction/Blueprints/Pawn/Player/Character_Pawn_FPS.Character_Pawn_FPS_C'!
[2018.03.30-17.44.41:605][913]LogScriptCore: Warning: Script Msg: Attempted to access index 0 from array 'TextRenderComponents' of length 0 in '/Game/Interaction/Blueprints/Commentary_Box/Assets/Blueprints/BP_Commentary_Box.BP_Commentary_Box_C'!
[2018.03.30-17.44.41:605][913]LogScriptCore: Warning: Script Msg: Attempted to access index 1 from array 'TextRenderComponents' of length 0 in '/Game/Interaction/Blueprints/Commentary_Box/Assets/Blueprints/BP_Commentary_Box.BP_Commentary_Box_C'!
[2018.03.30-17.44.41:605][913]LogScriptCore: Warning: Script Msg: Attempted to access index 2 from array 'TextRenderComponents' of length 0 in '/Game/Interaction/Blueprints/Commentary_Box/Assets/Blueprints/BP_Commentary_Box.BP_Commentary_Box_C'!
[2018.03.30-17.44.41:605][913]LogScriptCore: Warning: Script Msg: Attempted to access index 3 from array 'TextRenderComponents' of length 0 in '/Game/Interaction/Blueprints/Commentary_Box/Assets/Blueprints/BP_Commentary_Box.BP_Commentary_Box_C'!
[2018.03.30-17.44.42:431][942]LogScriptCore: Warning: Script Msg: Attempted to access index -1 from array 'InteractionItem_Array' of length 0 in '/Game/Interaction/Blueprints/Pawn/Player/Character_Pawn_FPS.Character_Pawn_FPS_C'!
[2018.03.30-17.44.42:431][942]LogScriptCore: Warning: Script Msg: Attempted to access index 0 from array 'InteractionObject_Array' of length 0 in '/Game/Interaction/Blueprints/Pawn/Player/Character_Pawn_FPS.Character_Pawn_FPS_C'!
[2018.03.30-17.44.42:634][950]LogScriptCore: Warning: Script Msg: Attempted to access index -1 from array 'InteractionItem_Array' of length 0 in '/Game/Interaction/Blueprints/Pawn/Player/Character_Pawn_FPS.Character_Pawn_FPS_C'!
[2018.03.30-17.44.42:635][950]LogScriptCore: Warning: Script Msg: Attempted to access index 0 from array 'InteractionObject_Array' of length 0 in '/Game/Interaction/Blueprints/Pawn/Player/Character_Pawn_FPS.Character_Pawn_FPS_C'!
[2018.03.30-17.44.45:587][ 62]LogScriptCore: Warning: Script Msg: Attempted to access index -1 from array 'InteractionItem_Array' of length 0 in '/Game/Interaction/Blueprints/Pawn/Player/Character_Pawn_FPS.Character_Pawn_FPS_C'!
[2018.03.30-17.44.45:587][ 62]LogScriptCore: Warning: Script Msg: Attempted to access index 0 from array 'InteractionObject_Array' of length 0 in '/Game/Interaction/Blueprints/Pawn/Player/Character_Pawn_FPS.Character_Pawn_FPS_C'!
[2018.03.30-17.45.04:320][766]LogScript: Warning: FLatentActionManager::ProcessLatentActions: CallbackTarget is None.
[2018.03.30-17.45.07:225][873]LogScriptCore: Warning: Script Msg: Attempted to access index -1 from array 'InteractionItem_Array' of length 0 in '/Game/Interaction/Blueprints/Pawn/Player/Character_Pawn_FPS.Character_Pawn_FPS_C'!
[2018.03.30-17.45.07:427][881]LogScriptCore: Warning: Script Msg: Attempted to access index -1 from array 'InteractionItem_Array' of length 0 in '/Game/Interaction/Blueprints/Pawn/Player/Character_Pawn_FPS.Character_Pawn_FPS_C'!
[2018.03.30-17.45.35:859][169]LogAnimMontage: Warning: PlaySlotAnimation: Invalid input asset(None). If Montage, please use Montage_Play
[2018.03.30-17.45.43:362][510]LogScriptCore: Warning: Script Msg: Attempted to access index -1 from array 'InteractionItem_Array' of length 0 in '/Game/Interaction/Blueprints/Pawn/Player/Character_Pawn_FPS.Character_Pawn_FPS_C'!
[2018.03.30-17.45.43:685][526]LogScriptCore: Warning: Script Msg: Attempted to access index -1 from array 'InteractionItem_Array' of length 0 in '/Game/Interaction/Blueprints/Pawn/Player/Character_Pawn_FPS.Character_Pawn_FPS_C'!
[2018.03.30-17.46.00:444][338]LogScriptCore: Warning: Script Msg: Attempted to access index 0 from array 'TextRenderComponents' of length 0 in '/Game/Interaction/Blueprints/Commentary_Box/Assets/Blueprints/BP_Commentary_Box.BP_Commentary_Box_C'!
[2018.03.30-17.46.00:444][338]LogScriptCore: Warning: Script Msg: Attempted to access index 1 from array 'TextRenderComponents' of length 0 in '/Game/Interaction/Blueprints/Commentary_Box/Assets/Blueprints/BP_Commentary_Box.BP_Commentary_Box_C'!
[2018.03.30-17.46.00:444][338]LogScriptCore: Warning: Script Msg: Attempted to access index 2 from array 'TextRenderComponents' of length 0 in '/Game/Interaction/Blueprints/Commentary_Box/Assets/Blueprints/BP_Commentary_Box.BP_Commentary_Box_C'!
[2018.03.30-17.46.21:386][353]LogScriptCore: Warning: Script Msg: Attempted to access index -1 from array 'InteractionItem_Array' of length 0 in '/Game/Interaction/Blueprints/Pawn/Player/Character_Pawn_FPS.Character_Pawn_FPS_C'!
[2018.03.30-17.46.48:885][642]LogScriptCore: Warning: Script Msg: Attempted to access index -1 from array 'InteractionItem_Array' of length 0 in '/Game/Interaction/Blueprints/Pawn/Player/Character_Pawn_FPS.Character_Pawn_FPS_C'!
[2018.03.30-17.46.57:273][ 48]LogScriptCore: Warning: Script Msg: Attempted to access index -1 from array 'InteractionItem_Array' of length 0 in '/Game/Interaction/Blueprints/Pawn/Player/Character_Pawn_FPS.Character_Pawn_FPS_C'!
[2018.03.30-17.46.57:273][ 48]LogScriptCore: Warning: Script Msg: Attempted to access index 0 from array 'InteractionObject_Array' of length 0 in '/Game/Interaction/Blueprints/Pawn/Player/Character_Pawn_FPS.Character_Pawn_FPS_C'!
[2018.03.30-17.46.58:766][124]LogScriptCore: Warning: Script Msg: Divide by zero detected: 1.000000 / 0
Script call stack:
	Function /Game/Interaction/Maps/Level_Interaction_FirstPerson.Level_Interaction_FirstPerson_C:ExecuteUbergraph_Level_Interaction_FirstPerson
	Function /Game/Interaction/Blueprints/Pawn/Player/Character_Pawn_FPS.Character_Pawn_FPS_C:FadeIn
	Function /Game/Interaction/Blueprints/Pawn/Player/Character_Pawn_FPS.Character_Pawn_FPS_C:ExecuteUbergraph_Character_Pawn_FPS

[2018.03.30-17.47.00:296][200]LogNet: Browse: /Game/Interaction/Maps/Level_AnimationDemo
[2018.03.30-17.47.00:315][200]LogLoad: LoadMap: /Game/Interaction/Maps/Level_AnimationDemo
[2018.03.30-17.47.00:807][200]LogTexture: Display: Building textures: HQ_Lightmap0_2 (AutoDXT, 64X64)
[2018.03.30-17.47.00:807][200]LogTexture: Display: Building textures: HQ_Lightmap0_1 (AutoDXT, 128X128)
[2018.03.30-17.47.00:807][200]LogTexture: Display: Building textures: LQ_Lightmap_0_1 (DXT1, 128X128)
[2018.03.30-17.47.00:807][200]LogTexture: Display: Building textures: LQ_Lightmap_0_2 (DXT1, 64X64)
[2018.03.30-17.47.00:807][200]LogTexture: Display: Building textures: SkyOcclusion0_1 (AutoDXT, 128X64)
[2018.03.30-17.47.00:807][200]LogTexture: Display: Building textures: SkyOcclusion0_2 (AutoDXT, 64X32)
[2018.03.30-17.47.00:807][200]LogTexture: Display: Building textures: ShadowMapTexture2D_0 (G8, 128X64)
[2018.03.30-17.47.00:807][200]LogTexture: Display: Building textures: ShadowMapTexture2D_1 (G8, 64X32)
[2018.03.30-17.47.05:624][200]LogAIModule: Creating AISystem for world Level_AnimationDemo
[2018.03.30-17.47.05:625][200]LogLoad: Game class is 'Interaction_GameMode_C'
[2018.03.30-17.47.05:641][200]LogWorld: Bringing World /Game/Interaction/Maps/UEDPIE_0_Level_AnimationDemo.Level_AnimationDemo up for play (max tick rate 60) at 2018.03.30-20.47.05
[2018.03.30-17.47.05:645][200]LogWorld: Bringing up level for play took: 0.018880
[2018.03.30-17.47.05:659][200]Cmd: r.Decal.FadeScreenSizeMult 7
[2018.03.30-17.47.05:659][200]r.Decal.FadeScreenSizeMult = "7"
[2018.03.30-17.47.05:664][200]LogLoad: Took 5.348358 seconds to LoadMap(/Game/Interaction/Maps/Level_AnimationDemo)
[2018.03.30-17.47.11:440][466]LogBlueprintUserMessages: Early EndPlayMap Detection: Level '/Game/Interaction/Maps/Level_Interaction_FirstPerson.Level_Interaction_FirstPerson:PersistentLevel' has LevelScriptBlueprint '/Game/Interaction/Maps/Level_Interaction_FirstPerson.Level_Interaction_FirstPerson:PersistentLevel.Level_Interaction_FirstPerson' with GeneratedClass '/Game/Interaction/Maps/Level_Interaction_FirstPerson.Level_Interaction_FirstPerson_C' with ClassGeneratedBy '/Game/Interaction/Maps/Level_Interaction_FirstPerson.Level_Interaction_FirstPerson:PersistentLevel.Level_Interaction_FirstPerson'
[2018.03.30-17.47.11:494][466]LogBlueprintUserMessages: Late EndPlayMap Detection: Level '/Game/Interaction/Maps/Level_Interaction_FirstPerson.Level_Interaction_FirstPerson:PersistentLevel' has LevelScriptBlueprint '/Game/Interaction/Maps/Level_Interaction_FirstPerson.Level_Interaction_FirstPerson:PersistentLevel.Level_Interaction_FirstPerson' with GeneratedClass '/Game/Interaction/Maps/Level_Interaction_FirstPerson.Level_Interaction_FirstPerson_C' with ClassGeneratedBy '/Game/Interaction/Maps/Level_Interaction_FirstPerson.Level_Interaction_FirstPerson:PersistentLevel.Level_Interaction_FirstPerson'
[2018.03.30-18.16.07:288][ 25]LogDirectoryWatcher: A directory notification failed for 'F:/CarTest_-_Advanced_Vehicle_Kit/CharacterInteraction_418/CharacterInteraction/Content/Collections/' because it could not be accessed. Aborting watch request...
[2018.03.30-18.16.07:288][ 25]LogDirectoryWatcher: A directory notification failed for 'F:/CarTest_-_Advanced_Vehicle_Kit/CharacterInteraction_418/CharacterInteraction/Content/Developers/User/Collections/' because it could not be accessed. Aborting watch request...
[2018.03.30-18.16.09:956][ 33]LogDirectoryWatcher: A directory notification failed for 'F:/CarTest_-_Advanced_Vehicle_Kit/CharacterInteraction_418/CharacterInteraction/Saved/Collections/' because it could not be accessed. Aborting watch request...
[2018.03.30-19.16.29:732][333]LogHttp: Warning: 00000153F1508100: request failed, libcurl error: 6 (Couldn't resolve host name)
[2018.03.30-19.16.29:733][333]LogHttp: Warning: 00000153F1508100: libcurl info message cache 0 (Connection 25 seems to be dead!)
[2018.03.30-19.16.29:733][333]LogHttp: Warning: 00000153F1508100: libcurl info message cache 1 (Closing connection 25)
[2018.03.30-19.16.29:733][333]LogHttp: Warning: 00000153F1508100: libcurl info message cache 2 (TLSv1.2 (OUT), TLS alert, Client hello (1):)
[2018.03.30-19.16.29:733][333]LogHttp: Warning: 00000153F1508100: libcurl info message cache 3 (Could not resolve host: datarouter.ol.epicgames.com)
[2018.03.30-19.16.29:734][333]LogHttp: Warning: 00000153F1508100: libcurl info message cache 4 (Closing connection 26)
[2018.03.30-19.16.51:100][334]LogD3D11RHI: Timed out while waiting for GPU to catch up. (500 ms)
